time="2022-02-07T19:05:11+03:00" level=info msg="create router" func="github.com/sirupsen/logrus.(*Entry).Info()" file="entry.go:285"
time="2022-02-07T19:05:11+03:00" level=info msg="read application configuration" func="github.com/sirupsen/logrus.(*Entry).Info()" file="entry.go:285"
time="2022-02-07T19:05:11+03:00" level=info func="github.com/sirupsen/logrus.(*Entry).Info()" file="entry.go:285"
time="2022-02-07T19:05:11+03:00" level=fatal msg="open config.yml: The system cannot find the file specified." func="github.com/sirupsen/logrus.(*Entry).Fatal()" file="entry.go:301"
time="2022-02-07T19:33:39+03:00" level=info msg="create router" func="github.com/sirupsen/logrus.(*Entry).Info()" file="entry.go:285"
time="2022-02-07T19:33:39+03:00" level=info msg="read application configuration" func="github.com/sirupsen/logrus.(*Entry).Info()" file="entry.go:285"
time="2022-02-07T19:33:39+03:00" level=info func="github.com/sirupsen/logrus.(*Entry).Info()" file="entry.go:285"
time="2022-02-07T19:33:39+03:00" level=fatal msg="open config.yml: The system cannot find the file specified." func="github.com/sirupsen/logrus.(*Entry).Fatal()" file="entry.go:301"
time="2022-02-07T19:33:59+03:00" level=info msg="create router" func="github.com/sirupsen/logrus.(*Entry).Info()" file="entry.go:285"
time="2022-02-07T19:34:00+03:00" level=info msg="read application configuration" func="github.com/sirupsen/logrus.(*Entry).Info()" file="entry.go:285"
time="2022-02-07T19:34:00+03:00" level=info func="github.com/sirupsen/logrus.(*Entry).Info()" file="entry.go:285"
time="2022-02-07T19:34:00+03:00" level=fatal msg="open config.yml: The system cannot find the file specified." func="github.com/sirupsen/logrus.(*Entry).Fatal()" file="entry.go:301"
time="2022-02-07T19:34:19+03:00" level=info msg="create router" func="github.com/sirupsen/logrus.(*Entry).Info()" file="entry.go:285"
time="2022-02-07T19:34:19+03:00" level=info msg="read application configuration" func="github.com/sirupsen/logrus.(*Entry).Info()" file="entry.go:285"
time="2022-02-07T19:34:19+03:00" level=info func="github.com/sirupsen/logrus.(*Entry).Info()" file="entry.go:285"
time="2022-02-07T19:34:19+03:00" level=fatal msg="open config.yml: The system cannot find the file specified." func="github.com/sirupsen/logrus.(*Entry).Fatal()" file="entry.go:301"
time="2022-02-07T19:34:40+03:00" level=info msg="create router" func="github.com/sirupsen/logrus.(*Entry).Info()" file="entry.go:285"
time="2022-02-07T19:34:40+03:00" level=info msg="read application configuration" func="github.com/sirupsen/logrus.(*Entry).Info()" file="entry.go:285"
time="2022-02-07T19:34:40+03:00" level=info func="github.com/sirupsen/logrus.(*Entry).Info()" file="entry.go:285"
time="2022-02-07T19:34:40+03:00" level=fatal msg="open config.yml: The system cannot find the file specified." func="github.com/sirupsen/logrus.(*Entry).Fatal()" file="entry.go:301"
time="2022-02-07T19:40:02+03:00" level=info msg="create router" func="github.com/sirupsen/logrus.(*Entry).Info()" file="entry.go:285"
time="2022-02-07T19:40:02+03:00" level=info msg="read application configuration" func="github.com/sirupsen/logrus.(*Entry).Info()" file="entry.go:285"
time="2022-02-07T19:40:02+03:00" level=info func="github.com/sirupsen/logrus.(*Entry).Info()" file="entry.go:285"
time="2022-02-07T19:40:02+03:00" level=fatal msg="open config.yml: The system cannot find the file specified." func="github.com/sirupsen/logrus.(*Entry).Fatal()" file="entry.go:301"
time="2022-02-07T19:40:29+03:00" level=info msg="create router" func="github.com/sirupsen/logrus.(*Entry).Info()" file="entry.go:285"
time="2022-02-07T19:40:29+03:00" level=info msg="read application configuration" func="github.com/sirupsen/logrus.(*Entry).Info()" file="entry.go:285"
time="2022-02-07T19:40:29+03:00" level=trace msg="SQL Query:  INSERT INTO author      (name, age)  VALUES         ($1, $2)  RETURNING id " func="github.com/sirupsen/logrus.(*Entry).Trace()" file="entry.go:273"
time="2022-02-07T19:40:29+03:00" level=error msg="SQL Error: relation \"author\" does not exist, Detail: , Where: , Code: 42P01, SQLState: 42P01" func="github.com/sirupsen/logrus.(*Entry).Error()" file="entry.go:297"
time="2022-02-07T19:40:29+03:00" level=fatal msg="SQL Error: relation \"author\" does not exist, Detail: , Where: , Code: 42P01, SQLState: 42P01" func="github.com/sirupsen/logrus.(*Entry).Fatal()" file="entry.go:301"
time="2022-02-12T22:51:50+03:00" level=info msg="create router" func="github.com/sirupsen/logrus.(*Entry).Info()" file="entry.go:285"
time="2022-02-12T22:51:50+03:00" level=info msg="read application configuration" func="github.com/sirupsen/logrus.(*Entry).Info()" file="entry.go:285"
time="2022-02-12T22:51:51+03:00" level=trace msg="SQL Query:  INSERT INTO author      (name, age)  VALUES         ($1, $2)  RETURNING id " func="github.com/sirupsen/logrus.(*Entry).Trace()" file="entry.go:273"
time="2022-02-12T22:51:51+03:00" level=error msg="SQL Error: relation \"author\" does not exist, Detail: , Where: , Code: 42P01, SQLState: 42P01" func="github.com/sirupsen/logrus.(*Entry).Error()" file="entry.go:297"
time="2022-02-12T22:51:51+03:00" level=fatal msg="SQL Error: relation \"author\" does not exist, Detail: , Where: , Code: 42P01, SQLState: 42P01" func="github.com/sirupsen/logrus.(*Entry).Fatal()" file="entry.go:301"
time="2022-02-12T22:55:11+03:00" level=info msg="create router" func="github.com/sirupsen/logrus.(*Entry).Info()" file="entry.go:285"
time="2022-02-12T22:55:11+03:00" level=info msg="read application configuration" func="github.com/sirupsen/logrus.(*Entry).Info()" file="entry.go:285"
time="2022-02-12T22:55:11+03:00" level=trace msg="SQL Query:  INSERT INTO author      (name, age)  VALUES         ($1, $2)  RETURNING id " func="github.com/sirupsen/logrus.(*Entry).Trace()" file="entry.go:273"
time="2022-02-12T22:55:11+03:00" level=error msg="SQL Error: relation \"author\" does not exist, Detail: , Where: , Code: 42P01, SQLState: 42P01" func="github.com/sirupsen/logrus.(*Entry).Error()" file="entry.go:297"
time="2022-02-12T22:55:11+03:00" level=fatal msg="SQL Error: relation \"author\" does not exist, Detail: , Where: , Code: 42P01, SQLState: 42P01" func="github.com/sirupsen/logrus.(*Entry).Fatal()" file="entry.go:301"
time="2022-02-12T23:09:46+03:00" level=info msg="create router" func="github.com/sirupsen/logrus.(*Entry).Info()" file="entry.go:285"
time="2022-02-12T23:09:46+03:00" level=info msg="read application configuration" func="github.com/sirupsen/logrus.(*Entry).Info()" file="entry.go:285"
time="2022-02-12T23:09:46+03:00" level=trace msg="SQL Query:  INSERT INTO author  (id, username, password, level, daysinrow, doessendpushups, theme, language) VALUES         ($1, $2, $3, $4, $5, $6, $7, $8) RETURNING id " func="github.com/sirupsen/logrus.(*Entry).Trace()" file="entry.go:273"
time="2022-02-12T23:09:46+03:00" level=error msg="SQL Error: relation \"author\" does not exist, Detail: , Where: , Code: 42P01, SQLState: 42P01" func="github.com/sirupsen/logrus.(*Entry).Error()" file="entry.go:297"
time="2022-02-12T23:09:46+03:00" level=fatal msg="SQL Error: relation \"author\" does not exist, Detail: , Where: , Code: 42P01, SQLState: 42P01" func="github.com/sirupsen/logrus.(*Entry).Fatal()" file="entry.go:301"
time="2022-02-12T23:12:07+03:00" level=info msg="create router" func="github.com/sirupsen/logrus.(*Entry).Info()" file="entry.go:285"
time="2022-02-12T23:12:07+03:00" level=info msg="read application configuration" func="github.com/sirupsen/logrus.(*Entry).Info()" file="entry.go:285"
time="2022-02-12T23:12:07+03:00" level=trace msg="SQL Query:  INSERT INTO user  (id, username, password, level, daysinrow, doessendpushups, theme, language) VALUES         ($1, $2, $3, $4, $5, $6, $7, $8) RETURNING id " func="github.com/sirupsen/logrus.(*Entry).Trace()" file="entry.go:273"
time="2022-02-12T23:12:07+03:00" level=error msg="SQL Error: syntax error at or near \"user\", Detail: , Where: , Code: 42601, SQLState: 42601" func="github.com/sirupsen/logrus.(*Entry).Error()" file="entry.go:297"
time="2022-02-12T23:12:07+03:00" level=fatal msg="SQL Error: syntax error at or near \"user\", Detail: , Where: , Code: 42601, SQLState: 42601" func="github.com/sirupsen/logrus.(*Entry).Fatal()" file="entry.go:301"
time="2022-02-12T23:12:39+03:00" level=info msg="create router" func="github.com/sirupsen/logrus.(*Entry).Info()" file="entry.go:285"
time="2022-02-12T23:12:39+03:00" level=info msg="read application configuration" func="github.com/sirupsen/logrus.(*Entry).Info()" file="entry.go:285"
time="2022-02-12T23:12:39+03:00" level=trace msg="SQL Query:  INSERT INTO user  (id, username, password, level, daysinrow, doessendpushups, theme, language) VALUES         ($1, $2, $3, $4, $5, $6, $7, $8) RETURNING id " func="github.com/sirupsen/logrus.(*Entry).Trace()" file="entry.go:273"
time="2022-02-12T23:12:39+03:00" level=error msg="SQL Error: syntax error at or near \"user\", Detail: , Where: , Code: 42601, SQLState: 42601" func="github.com/sirupsen/logrus.(*Entry).Error()" file="entry.go:297"
time="2022-02-12T23:12:39+03:00" level=fatal msg="SQL Error: syntax error at or near \"user\", Detail: , Where: , Code: 42601, SQLState: 42601" func="github.com/sirupsen/logrus.(*Entry).Fatal()" file="entry.go:301"
time="2022-02-12T23:15:12+03:00" level=info msg="create router" func="github.com/sirupsen/logrus.(*Entry).Info()" file="entry.go:285"
time="2022-02-12T23:15:12+03:00" level=info msg="read application configuration" func="github.com/sirupsen/logrus.(*Entry).Info()" file="entry.go:285"
time="2022-02-12T23:15:12+03:00" level=trace msg="SQL Query:  INSERT INTO public.user  (id, username, password, level, daysinrow, doessendpushups, theme, language) VALUES         ($1, $2, $3, $4, $5, $6, $7, $8) RETURNING id " func="github.com/sirupsen/logrus.(*Entry).Trace()" file="entry.go:273"
time="2022-02-12T23:15:12+03:00" level=fatal msg="expected 8 arguments, got 2" func="github.com/sirupsen/logrus.(*Entry).Fatal()" file="entry.go:301"
time="2022-02-12T23:17:41+03:00" level=info msg="create router" func="github.com/sirupsen/logrus.(*Entry).Info()" file="entry.go:285"
time="2022-02-12T23:17:41+03:00" level=info msg="read application configuration" func="github.com/sirupsen/logrus.(*Entry).Info()" file="entry.go:285"
time="2022-02-12T23:17:41+03:00" level=trace msg="SQL Query:  INSERT INTO public.user  (id, username, password, level, daysinrow, doessendpushups, theme, language) VALUES         ($1, $2, $3, $4, $5, $6, $7, $8) RETURNING id " func="github.com/sirupsen/logrus.(*Entry).Trace()" file="entry.go:273"
time="2022-02-12T23:17:41+03:00" level=info msg="register author handler" func="github.com/sirupsen/logrus.(*Entry).Info()" file="entry.go:285"
time="2022-02-12T23:17:41+03:00" level=info msg="start application" func="github.com/sirupsen/logrus.(*Entry).Info()" file="entry.go:285"
time="2022-02-12T23:17:41+03:00" level=info msg="listen tcp" func="github.com/sirupsen/logrus.(*Entry).Info()" file="entry.go:285"
time="2022-02-12T23:17:41+03:00" level=info msg="server is listening port 127.0.0.1:1234" func="github.com/sirupsen/logrus.(*Entry).Logf()" file="entry.go:314"
time="2022-02-12T23:24:50+03:00" level=trace msg="SQL Query:  SELECT id, name FROM public.author; " func="github.com/sirupsen/logrus.(*Entry).Trace()" file="entry.go:273"
time="2022-02-12T23:25:21+03:00" level=trace msg="SQL Query:  SELECT id, name FROM public.author; " func="github.com/sirupsen/logrus.(*Entry).Trace()" file="entry.go:273"
time="2022-02-12T23:32:43+03:00" level=trace msg="SQL Query:  SELECT id, name FROM public.author; " func="github.com/sirupsen/logrus.(*Entry).Trace()" file="entry.go:273"
time="2022-02-12T23:33:00+03:00" level=info msg="create router" func="github.com/sirupsen/logrus.(*Entry).Info()" file="entry.go:285"
time="2022-02-12T23:33:00+03:00" level=info msg="read application configuration" func="github.com/sirupsen/logrus.(*Entry).Info()" file="entry.go:285"
time="2022-02-12T23:33:00+03:00" level=trace msg="SQL Query:  INSERT INTO public.user  (id, username, password, level, daysinrow, doessendpushups, theme, language) VALUES         ($1, $2, $3, $4, $5, $6, $7, $8) RETURNING id " func="github.com/sirupsen/logrus.(*Entry).Trace()" file="entry.go:273"
time="2022-02-12T23:33:00+03:00" level=info msg="register author handler" func="github.com/sirupsen/logrus.(*Entry).Info()" file="entry.go:285"
time="2022-02-12T23:33:00+03:00" level=info msg="start application" func="github.com/sirupsen/logrus.(*Entry).Info()" file="entry.go:285"
time="2022-02-12T23:33:00+03:00" level=info msg="listen tcp" func="github.com/sirupsen/logrus.(*Entry).Info()" file="entry.go:285"
time="2022-02-12T23:33:00+03:00" level=info msg="server is listening port 127.0.0.1:1234" func="github.com/sirupsen/logrus.(*Entry).Logf()" file="entry.go:314"
time="2022-02-12T23:34:29+03:00" level=trace msg="SQL Query:  SELECT id, name FROM public.user; " func="github.com/sirupsen/logrus.(*Entry).Trace()" file="entry.go:273"
time="2022-02-12T23:35:21+03:00" level=info msg="create router" func="github.com/sirupsen/logrus.(*Entry).Info()" file="entry.go:285"
time="2022-02-12T23:35:21+03:00" level=info msg="read application configuration" func="github.com/sirupsen/logrus.(*Entry).Info()" file="entry.go:285"
time="2022-02-12T23:35:21+03:00" level=trace msg="SQL Query:  INSERT INTO public.user  (id, username, password, level, daysinrow, doessendpushups, theme, language) VALUES         ($1, $2, $3, $4, $5, $6, $7, $8) RETURNING id " func="github.com/sirupsen/logrus.(*Entry).Trace()" file="entry.go:273"
time="2022-02-12T23:35:21+03:00" level=info msg="register author handler" func="github.com/sirupsen/logrus.(*Entry).Info()" file="entry.go:285"
time="2022-02-12T23:35:21+03:00" level=info msg="start application" func="github.com/sirupsen/logrus.(*Entry).Info()" file="entry.go:285"
time="2022-02-12T23:35:21+03:00" level=info msg="listen tcp" func="github.com/sirupsen/logrus.(*Entry).Info()" file="entry.go:285"
time="2022-02-12T23:35:21+03:00" level=info msg="server is listening port 127.0.0.1:1234" func="github.com/sirupsen/logrus.(*Entry).Logf()" file="entry.go:314"
time="2022-02-12T23:35:36+03:00" level=trace msg="SQL Query:  SELECT id, username FROM public.user; " func="github.com/sirupsen/logrus.(*Entry).Trace()" file="entry.go:273"
time="2022-02-12T23:38:11+03:00" level=info msg="create router" func="github.com/sirupsen/logrus.(*Entry).Info()" file="entry.go:285"
time="2022-02-12T23:38:11+03:00" level=info msg="read application configuration" func="github.com/sirupsen/logrus.(*Entry).Info()" file="entry.go:285"
time="2022-02-12T23:38:11+03:00" level=trace msg="SQL Query:  INSERT INTO public.user  (id, username, password, level, daysinrow, doessendpushups, theme, language) VALUES         ($1, $2, $3, $4, $5, $6, $7, $8) RETURNING id " func="github.com/sirupsen/logrus.(*Entry).Trace()" file="entry.go:273"
time="2022-02-12T23:38:11+03:00" level=info msg="register author handler" func="github.com/sirupsen/logrus.(*Entry).Info()" file="entry.go:285"
time="2022-02-12T23:38:11+03:00" level=info msg="start application" func="github.com/sirupsen/logrus.(*Entry).Info()" file="entry.go:285"
time="2022-02-12T23:38:11+03:00" level=info msg="listen tcp" func="github.com/sirupsen/logrus.(*Entry).Info()" file="entry.go:285"
time="2022-02-12T23:38:11+03:00" level=info msg="server is listening port 127.0.0.1:1234" func="github.com/sirupsen/logrus.(*Entry).Logf()" file="entry.go:314"
time="2022-02-12T23:38:22+03:00" level=trace msg="SQL Query:  SELECT id, username FROM public.user; " func="github.com/sirupsen/logrus.(*Entry).Trace()" file="entry.go:273"
time="2022-02-14T16:47:32+03:00" level=info msg="create router" func="github.com/sirupsen/logrus.(*Entry).Info()" file="entry.go:285"
time="2022-02-14T16:47:32+03:00" level=info msg="read application configuration" func="github.com/sirupsen/logrus.(*Entry).Info()" file="entry.go:285"
time="2022-02-14T16:47:32+03:00" level=trace msg="SQL Query:  INSERT INTO public.user  (id, username, password, level, daysinrow, doessendpushups, theme, language) VALUES         ($1, $2, $3, $4, $5, $6, $7, $8) RETURNING id " func="github.com/sirupsen/logrus.(*Entry).Trace()" file="entry.go:273"
time="2022-02-14T16:47:32+03:00" level=info msg="register author handler" func="github.com/sirupsen/logrus.(*Entry).Info()" file="entry.go:285"
time="2022-02-14T16:47:32+03:00" level=info msg="start application" func="github.com/sirupsen/logrus.(*Entry).Info()" file="entry.go:285"
time="2022-02-14T16:47:32+03:00" level=info msg="listen tcp" func="github.com/sirupsen/logrus.(*Entry).Info()" file="entry.go:285"
time="2022-02-14T16:47:32+03:00" level=info msg="server is listening port 127.0.0.1:1234" func="github.com/sirupsen/logrus.(*Entry).Logf()" file="entry.go:314"
time="2022-02-14T16:47:53+03:00" level=trace msg="SQL Query:  SELECT id, username FROM public.user; " func="github.com/sirupsen/logrus.(*Entry).Trace()" file="entry.go:273"
time="2022-02-14T16:48:06+03:00" level=trace msg="SQL Query:  SELECT id, username FROM public.user; " func="github.com/sirupsen/logrus.(*Entry).Trace()" file="entry.go:273"
time="2022-02-14T16:59:59+03:00" level=info msg="create router" func="github.com/sirupsen/logrus.(*Entry).Info()" file="entry.go:285"
time="2022-02-14T16:59:59+03:00" level=info msg="read application configuration" func="github.com/sirupsen/logrus.(*Entry).Info()" file="entry.go:285"
time="2022-02-14T16:59:59+03:00" level=trace msg="SQL Query:  INSERT INTO public.user  (id, username, password, level, daysinrow, doessendpushups, theme, language) VALUES         ($1, $2, $3, $4, $5, $6, $7, $8) RETURNING id " func="github.com/sirupsen/logrus.(*Entry).Trace()" file="entry.go:273"
time="2022-02-14T16:59:59+03:00" level=info msg="register author handler" func="github.com/sirupsen/logrus.(*Entry).Info()" file="entry.go:285"
time="2022-02-14T16:59:59+03:00" level=info msg="start application" func="github.com/sirupsen/logrus.(*Entry).Info()" file="entry.go:285"
time="2022-02-14T16:59:59+03:00" level=info msg="listen tcp" func="github.com/sirupsen/logrus.(*Entry).Info()" file="entry.go:285"
time="2022-02-14T16:59:59+03:00" level=info msg="server is listening port 127.0.0.1:1234" func="github.com/sirupsen/logrus.(*Entry).Logf()" file="entry.go:314"
time="2022-02-14T17:00:45+03:00" level=trace msg="SQL Query:  SELECT id, username FROM public.user; " func="github.com/sirupsen/logrus.(*Entry).Trace()" file="entry.go:273"
time="2022-02-14T17:00:58+03:00" level=trace msg="SQL Query:  SELECT id, username FROM public.user; " func="github.com/sirupsen/logrus.(*Entry).Trace()" file="entry.go:273"
time="2022-02-14T17:09:13+03:00" level=info msg="create router" func="github.com/sirupsen/logrus.(*Entry).Info()" file="entry.go:285"
time="2022-02-14T17:09:13+03:00" level=info msg="read application configuration" func="github.com/sirupsen/logrus.(*Entry).Info()" file="entry.go:285"
time="2022-02-14T17:09:13+03:00" level=trace msg="SQL Query:  INSERT INTO public.user  (id, username, password, level, daysinrow, doessendpushups, theme, language) VALUES         ($1, $2, $3, $4, $5, $6, $7, $8) RETURNING id " func="github.com/sirupsen/logrus.(*Entry).Trace()" file="entry.go:273"
time="2022-02-14T17:09:13+03:00" level=info msg="register author handler" func="github.com/sirupsen/logrus.(*Entry).Info()" file="entry.go:285"
time="2022-02-14T17:09:13+03:00" level=info msg="start application" func="github.com/sirupsen/logrus.(*Entry).Info()" file="entry.go:285"
time="2022-02-14T17:09:13+03:00" level=info msg="listen tcp" func="github.com/sirupsen/logrus.(*Entry).Info()" file="entry.go:285"
time="2022-02-14T17:09:13+03:00" level=info msg="server is listening port 127.0.0.1:1234" func="github.com/sirupsen/logrus.(*Entry).Logf()" file="entry.go:314"
time="2022-02-14T17:09:38+03:00" level=trace msg="SQL Query:  SELECT id, username FROM public.user; " func="github.com/sirupsen/logrus.(*Entry).Trace()" file="entry.go:273"
time="2022-02-14T17:10:17+03:00" level=trace msg="SQL Query:  SELECT id, username FROM public.user; " func="github.com/sirupsen/logrus.(*Entry).Trace()" file="entry.go:273"
time="2022-02-14T17:10:54+03:00" level=trace msg="SQL Query:  SELECT id, username FROM public.user; " func="github.com/sirupsen/logrus.(*Entry).Trace()" file="entry.go:273"
time="2022-02-14T17:15:33+03:00" level=info msg="create router" func="github.com/sirupsen/logrus.(*Entry).Info()" file="entry.go:285"
time="2022-02-14T17:15:33+03:00" level=info msg="read application configuration" func="github.com/sirupsen/logrus.(*Entry).Info()" file="entry.go:285"
time="2022-02-14T17:15:33+03:00" level=trace msg="SQL Query:  INSERT INTO public.user  (id, username, password, level, daysinrow, doessendpushups, theme, language) VALUES         ($1, $2, $3, $4, $5, $6, $7, $8) RETURNING id " func="github.com/sirupsen/logrus.(*Entry).Trace()" file="entry.go:273"
time="2022-02-14T17:15:33+03:00" level=info msg="register author handler" func="github.com/sirupsen/logrus.(*Entry).Info()" file="entry.go:285"
time="2022-02-14T17:15:33+03:00" level=info msg="start application" func="github.com/sirupsen/logrus.(*Entry).Info()" file="entry.go:285"
time="2022-02-14T17:15:33+03:00" level=info msg="listen tcp" func="github.com/sirupsen/logrus.(*Entry).Info()" file="entry.go:285"
time="2022-02-14T17:15:33+03:00" level=info msg="server is listening port 127.0.0.1:1234" func="github.com/sirupsen/logrus.(*Entry).Logf()" file="entry.go:314"
time="2022-02-14T17:15:46+03:00" level=trace msg="SQL Query:  SELECT id, username FROM public.user; " func="github.com/sirupsen/logrus.(*Entry).Trace()" file="entry.go:273"
time="2022-02-14T17:17:02+03:00" level=info msg="create router" func="github.com/sirupsen/logrus.(*Entry).Info()" file="entry.go:285"
time="2022-02-14T17:17:02+03:00" level=info msg="read application configuration" func="github.com/sirupsen/logrus.(*Entry).Info()" file="entry.go:285"
time="2022-02-14T17:17:02+03:00" level=trace msg="SQL Query:  INSERT INTO public.user  (id, username, password, level, daysinrow, doessendpushups, theme, language) VALUES         ($1, $2, $3, $4, $5, $6, $7, $8) RETURNING id " func="github.com/sirupsen/logrus.(*Entry).Trace()" file="entry.go:273"
time="2022-02-14T17:17:02+03:00" level=info msg="register author handler" func="github.com/sirupsen/logrus.(*Entry).Info()" file="entry.go:285"
time="2022-02-14T17:17:02+03:00" level=info msg="start application" func="github.com/sirupsen/logrus.(*Entry).Info()" file="entry.go:285"
time="2022-02-14T17:17:02+03:00" level=info msg="listen tcp" func="github.com/sirupsen/logrus.(*Entry).Info()" file="entry.go:285"
time="2022-02-14T17:17:02+03:00" level=info msg="server is listening port 127.0.0.1:1234" func="github.com/sirupsen/logrus.(*Entry).Logf()" file="entry.go:314"
time="2022-02-14T17:17:50+03:00" level=trace msg="SQL Query:  SELECT id, username FROM public.user; " func="github.com/sirupsen/logrus.(*Entry).Trace()" file="entry.go:273"
time="2022-02-14T17:20:22+03:00" level=info msg="create router" func="github.com/sirupsen/logrus.(*Entry).Info()" file="entry.go:285"
time="2022-02-14T17:20:22+03:00" level=info msg="read application configuration" func="github.com/sirupsen/logrus.(*Entry).Info()" file="entry.go:285"
time="2022-02-14T17:20:22+03:00" level=trace msg="SQL Query:  INSERT INTO public.user  (id, username, password, level, daysinrow, doessendpushups, theme, language) VALUES         ($1, $2, $3, $4, $5, $6, $7, $8) RETURNING id " func="github.com/sirupsen/logrus.(*Entry).Trace()" file="entry.go:273"
time="2022-02-14T17:20:22+03:00" level=info msg="register author handler" func="github.com/sirupsen/logrus.(*Entry).Info()" file="entry.go:285"
time="2022-02-14T17:20:22+03:00" level=info msg="start application" func="github.com/sirupsen/logrus.(*Entry).Info()" file="entry.go:285"
time="2022-02-14T17:20:22+03:00" level=info msg="listen tcp" func="github.com/sirupsen/logrus.(*Entry).Info()" file="entry.go:285"
time="2022-02-14T17:20:22+03:00" level=info msg="server is listening port 127.0.0.1:1234" func="github.com/sirupsen/logrus.(*Entry).Logf()" file="entry.go:314"
time="2022-02-14T17:20:34+03:00" level=trace msg="SQL Query:  SELECT id, username FROM public.user; " func="github.com/sirupsen/logrus.(*Entry).Trace()" file="entry.go:273"
time="2022-02-14T17:48:56+03:00" level=info msg="create router" func="github.com/sirupsen/logrus.(*Entry).Info()" file="entry.go:285"
time="2022-02-14T17:48:56+03:00" level=info msg="read application configuration" func="github.com/sirupsen/logrus.(*Entry).Info()" file="entry.go:285"
time="2022-02-14T17:48:56+03:00" level=trace msg="SQL Query:  INSERT INTO public.user  (id, username, password, level, daysinrow, doessendpushups, theme, language) VALUES         ($1, $2, $3, $4, $5, $6, $7, $8) RETURNING id " func="github.com/sirupsen/logrus.(*Entry).Trace()" file="entry.go:273"
time="2022-02-14T17:48:56+03:00" level=info msg="register author handler" func="github.com/sirupsen/logrus.(*Entry).Info()" file="entry.go:285"
time="2022-02-14T17:48:56+03:00" level=info msg="start application" func="github.com/sirupsen/logrus.(*Entry).Info()" file="entry.go:285"
time="2022-02-14T17:48:56+03:00" level=info msg="listen tcp" func="github.com/sirupsen/logrus.(*Entry).Info()" file="entry.go:285"
time="2022-02-14T17:48:56+03:00" level=info msg="server is listening port 127.0.0.1:1234" func="github.com/sirupsen/logrus.(*Entry).Logf()" file="entry.go:314"
time="2022-02-14T17:49:22+03:00" level=trace msg="SQL Query:  SELECT id FROM public.user WHERE username = $2 " func="github.com/sirupsen/logrus.(*Entry).Trace()" file="entry.go:273"
time="2022-02-14T17:49:48+03:00" level=trace msg="SQL Query:  SELECT id FROM public.user WHERE username = $2 " func="github.com/sirupsen/logrus.(*Entry).Trace()" file="entry.go:273"
time="2022-02-14T17:50:57+03:00" level=info msg="create router" func="github.com/sirupsen/logrus.(*Entry).Info()" file="entry.go:285"
time="2022-02-14T17:50:57+03:00" level=info msg="read application configuration" func="github.com/sirupsen/logrus.(*Entry).Info()" file="entry.go:285"
time="2022-02-14T17:50:57+03:00" level=trace msg="SQL Query:  INSERT INTO public.user  (id, username, password, level, daysinrow, doessendpushups, theme, language) VALUES         ($1, $2, $3, $4, $5, $6, $7, $8) RETURNING id " func="github.com/sirupsen/logrus.(*Entry).Trace()" file="entry.go:273"
time="2022-02-14T17:50:57+03:00" level=info msg="register author handler" func="github.com/sirupsen/logrus.(*Entry).Info()" file="entry.go:285"
time="2022-02-14T17:50:57+03:00" level=info msg="start application" func="github.com/sirupsen/logrus.(*Entry).Info()" file="entry.go:285"
time="2022-02-14T17:50:57+03:00" level=info msg="listen tcp" func="github.com/sirupsen/logrus.(*Entry).Info()" file="entry.go:285"
time="2022-02-14T17:50:57+03:00" level=info msg="server is listening port 127.0.0.1:1234" func="github.com/sirupsen/logrus.(*Entry).Logf()" file="entry.go:314"
time="2022-02-14T17:51:02+03:00" level=trace msg="SQL Query:  SELECT id FROM public.user WHERE username = $1 " func="github.com/sirupsen/logrus.(*Entry).Trace()" file="entry.go:273"
time="2022-02-14T17:51:15+03:00" level=trace msg="SQL Query:  SELECT id FROM public.user WHERE username = $1 " func="github.com/sirupsen/logrus.(*Entry).Trace()" file="entry.go:273"
time="2022-02-14T18:02:23+03:00" level=info msg="create router" func="github.com/sirupsen/logrus.(*Entry).Info()" file="entry.go:285"
time="2022-02-14T18:02:23+03:00" level=info msg="read application configuration" func="github.com/sirupsen/logrus.(*Entry).Info()" file="entry.go:285"
time="2022-02-14T18:02:23+03:00" level=trace msg="SQL Query:  INSERT INTO public.user  (id, username, password, level, daysinrow, doessendpushups, theme, language) VALUES         ($1, $2, $3, $4, $5, $6, $7, $8) RETURNING id " func="github.com/sirupsen/logrus.(*Entry).Trace()" file="entry.go:273"
time="2022-02-14T18:02:23+03:00" level=info msg="register author handler" func="github.com/sirupsen/logrus.(*Entry).Info()" file="entry.go:285"
time="2022-02-14T18:02:23+03:00" level=info msg="start application" func="github.com/sirupsen/logrus.(*Entry).Info()" file="entry.go:285"
time="2022-02-14T18:02:23+03:00" level=info msg="listen tcp" func="github.com/sirupsen/logrus.(*Entry).Info()" file="entry.go:285"
time="2022-02-14T18:02:23+03:00" level=info msg="server is listening port 127.0.0.1:1234" func="github.com/sirupsen/logrus.(*Entry).Logf()" file="entry.go:314"
time="2022-02-14T18:02:37+03:00" level=trace msg="SQL Query:  SELECT id, username FROM public.user; " func="github.com/sirupsen/logrus.(*Entry).Trace()" file="entry.go:273"
time="2022-02-14T18:06:44+03:00" level=info msg="create router" func="github.com/sirupsen/logrus.(*Entry).Info()" file="entry.go:285"
time="2022-02-14T18:06:44+03:00" level=info msg="read application configuration" func="github.com/sirupsen/logrus.(*Entry).Info()" file="entry.go:285"
time="2022-02-14T18:06:44+03:00" level=trace msg="SQL Query:  INSERT INTO public.user  (id, username, password, level, daysinrow, doessendpushups, theme, language) VALUES         ($1, $2, $3, $4, $5, $6, $7, $8) RETURNING id " func="github.com/sirupsen/logrus.(*Entry).Trace()" file="entry.go:273"
time="2022-02-14T18:06:44+03:00" level=info msg="register author handler" func="github.com/sirupsen/logrus.(*Entry).Info()" file="entry.go:285"
time="2022-02-14T18:06:44+03:00" level=info msg="start application" func="github.com/sirupsen/logrus.(*Entry).Info()" file="entry.go:285"
time="2022-02-14T18:06:44+03:00" level=info msg="listen tcp" func="github.com/sirupsen/logrus.(*Entry).Info()" file="entry.go:285"
time="2022-02-14T18:06:44+03:00" level=info msg="server is listening port 127.0.0.1:1234" func="github.com/sirupsen/logrus.(*Entry).Logf()" file="entry.go:314"
time="2022-02-14T18:07:09+03:00" level=trace msg="SQL Query:  DELETE FROM public.user WHERE username = $1 " func="github.com/sirupsen/logrus.(*Entry).Trace()" file="entry.go:273"
time="2022-02-14T18:07:41+03:00" level=trace msg="SQL Query:  DELETE FROM public.user WHERE username = $1 " func="github.com/sirupsen/logrus.(*Entry).Trace()" file="entry.go:273"
time="2022-02-14T18:08:26+03:00" level=trace msg="SQL Query:  SELECT id FROM public.user WHERE username = $1 " func="github.com/sirupsen/logrus.(*Entry).Trace()" file="entry.go:273"
time="2022-02-14T18:08:32+03:00" level=trace msg="SQL Query:  DELETE FROM public.user WHERE username = $1 " func="github.com/sirupsen/logrus.(*Entry).Trace()" file="entry.go:273"
time="2022-02-14T18:08:55+03:00" level=trace msg="SQL Query:  DELETE FROM public.user WHERE username = $1 " func="github.com/sirupsen/logrus.(*Entry).Trace()" file="entry.go:273"
time="2022-02-14T18:08:55+03:00" level=trace msg="SQL Query:  DELETE FROM public.user WHERE username = $1 " func="github.com/sirupsen/logrus.(*Entry).Trace()" file="entry.go:273"
time="2022-02-14T18:10:14+03:00" level=info msg="create router" func="github.com/sirupsen/logrus.(*Entry).Info()" file="entry.go:285"
time="2022-02-14T18:10:14+03:00" level=info msg="read application configuration" func="github.com/sirupsen/logrus.(*Entry).Info()" file="entry.go:285"
time="2022-02-14T18:10:14+03:00" level=trace msg="SQL Query:  INSERT INTO public.user  (id, username, password, level, daysinrow, doessendpushups, theme, language) VALUES         ($1, $2, $3, $4, $5, $6, $7, $8) RETURNING id " func="github.com/sirupsen/logrus.(*Entry).Trace()" file="entry.go:273"
time="2022-02-14T18:10:14+03:00" level=info msg="register author handler" func="github.com/sirupsen/logrus.(*Entry).Info()" file="entry.go:285"
time="2022-02-14T18:10:14+03:00" level=info msg="start application" func="github.com/sirupsen/logrus.(*Entry).Info()" file="entry.go:285"
time="2022-02-14T18:10:14+03:00" level=info msg="listen tcp" func="github.com/sirupsen/logrus.(*Entry).Info()" file="entry.go:285"
time="2022-02-14T18:10:14+03:00" level=info msg="server is listening port 127.0.0.1:1234" func="github.com/sirupsen/logrus.(*Entry).Logf()" file="entry.go:314"
time="2022-02-14T18:10:22+03:00" level=trace msg="SQL Query:  DELETE FROM public.user WHERE username = $1 " func="github.com/sirupsen/logrus.(*Entry).Trace()" file="entry.go:273"
time="2022-02-14T18:10:59+03:00" level=info msg="create router" func="github.com/sirupsen/logrus.(*Entry).Info()" file="entry.go:285"
time="2022-02-14T18:10:59+03:00" level=info msg="read application configuration" func="github.com/sirupsen/logrus.(*Entry).Info()" file="entry.go:285"
time="2022-02-14T18:10:59+03:00" level=trace msg="SQL Query:  INSERT INTO public.user  (id, username, password, level, daysinrow, doessendpushups, theme, language) VALUES         ($1, $2, $3, $4, $5, $6, $7, $8) RETURNING id " func="github.com/sirupsen/logrus.(*Entry).Trace()" file="entry.go:273"
time="2022-02-14T18:10:59+03:00" level=info msg="register author handler" func="github.com/sirupsen/logrus.(*Entry).Info()" file="entry.go:285"
time="2022-02-14T18:10:59+03:00" level=info msg="start application" func="github.com/sirupsen/logrus.(*Entry).Info()" file="entry.go:285"
time="2022-02-14T18:10:59+03:00" level=info msg="listen tcp" func="github.com/sirupsen/logrus.(*Entry).Info()" file="entry.go:285"
time="2022-02-14T18:10:59+03:00" level=info msg="server is listening port 127.0.0.1:1234" func="github.com/sirupsen/logrus.(*Entry).Logf()" file="entry.go:314"
time="2022-02-14T18:11:10+03:00" level=trace msg="SQL Query:  DELETE FROM public.user WHERE username = $1; " func="github.com/sirupsen/logrus.(*Entry).Trace()" file="entry.go:273"
time="2022-02-14T18:13:48+03:00" level=info msg="create router" func="github.com/sirupsen/logrus.(*Entry).Info()" file="entry.go:285"
time="2022-02-14T18:13:48+03:00" level=info msg="read application configuration" func="github.com/sirupsen/logrus.(*Entry).Info()" file="entry.go:285"
time="2022-02-14T18:13:48+03:00" level=trace msg="SQL Query:  INSERT INTO public.user  (id, username, password, level, daysinrow, doessendpushups, theme, language) VALUES         ($1, $2, $3, $4, $5, $6, $7, $8) RETURNING id " func="github.com/sirupsen/logrus.(*Entry).Trace()" file="entry.go:273"
time="2022-02-14T18:13:48+03:00" level=info msg="register author handler" func="github.com/sirupsen/logrus.(*Entry).Info()" file="entry.go:285"
time="2022-02-14T18:13:48+03:00" level=info msg="start application" func="github.com/sirupsen/logrus.(*Entry).Info()" file="entry.go:285"
time="2022-02-14T18:13:48+03:00" level=info msg="listen tcp" func="github.com/sirupsen/logrus.(*Entry).Info()" file="entry.go:285"
time="2022-02-14T18:13:48+03:00" level=info msg="server is listening port 127.0.0.1:1234" func="github.com/sirupsen/logrus.(*Entry).Logf()" file="entry.go:314"
time="2022-02-14T18:13:56+03:00" level=trace msg="SQL Query:  DELETE FROM public.user WHERE username = $1 " func="github.com/sirupsen/logrus.(*Entry).Trace()" file="entry.go:273"
time="2022-02-14T18:14:26+03:00" level=trace msg="SQL Query:  DELETE FROM public.user WHERE username = $1 " func="github.com/sirupsen/logrus.(*Entry).Trace()" file="entry.go:273"
time="2022-02-14T18:19:09+03:00" level=info msg="create router" func="github.com/sirupsen/logrus.(*Entry).Info()" file="entry.go:285"
time="2022-02-14T18:19:09+03:00" level=info msg="read application configuration" func="github.com/sirupsen/logrus.(*Entry).Info()" file="entry.go:285"
time="2022-02-14T18:19:09+03:00" level=trace msg="SQL Query:  INSERT INTO public.user  (id, username, password, level, daysinrow, doessendpushups, theme, language) VALUES         ($1, $2, $3, $4, $5, $6, $7, $8) RETURNING id " func="github.com/sirupsen/logrus.(*Entry).Trace()" file="entry.go:273"
time="2022-02-14T18:19:09+03:00" level=trace msg="SQL Query:  INSERT INTO public.user  (id, username, password, level, daysinrow, doessendpushups, theme, language) VALUES         ($1, $2, $3, $4, $5, $6, $7, $8) RETURNING id " func="github.com/sirupsen/logrus.(*Entry).Trace()" file="entry.go:273"
time="2022-02-14T18:19:09+03:00" level=trace msg="SQL Query:  INSERT INTO public.user  (id, username, password, level, daysinrow, doessendpushups, theme, language) VALUES         ($1, $2, $3, $4, $5, $6, $7, $8) RETURNING id " func="github.com/sirupsen/logrus.(*Entry).Trace()" file="entry.go:273"
time="2022-02-14T18:19:09+03:00" level=trace msg="SQL Query:  INSERT INTO public.user  (id, username, password, level, daysinrow, doessendpushups, theme, language) VALUES         ($1, $2, $3, $4, $5, $6, $7, $8) RETURNING id " func="github.com/sirupsen/logrus.(*Entry).Trace()" file="entry.go:273"
time="2022-02-14T18:19:09+03:00" level=info msg="register author handler" func="github.com/sirupsen/logrus.(*Entry).Info()" file="entry.go:285"
time="2022-02-14T18:19:09+03:00" level=info msg="start application" func="github.com/sirupsen/logrus.(*Entry).Info()" file="entry.go:285"
time="2022-02-14T18:19:09+03:00" level=info msg="listen tcp" func="github.com/sirupsen/logrus.(*Entry).Info()" file="entry.go:285"
time="2022-02-14T18:19:09+03:00" level=info msg="server is listening port 127.0.0.1:1234" func="github.com/sirupsen/logrus.(*Entry).Logf()" file="entry.go:314"
time="2022-02-14T18:19:18+03:00" level=trace msg="SQL Query:  DELETE FROM public.user WHERE username = $1 LIMIT 1 " func="github.com/sirupsen/logrus.(*Entry).Trace()" file="entry.go:273"
time="2022-02-14T18:20:57+03:00" level=info msg="create router" func="github.com/sirupsen/logrus.(*Entry).Info()" file="entry.go:285"
time="2022-02-14T18:20:57+03:00" level=info msg="read application configuration" func="github.com/sirupsen/logrus.(*Entry).Info()" file="entry.go:285"
time="2022-02-14T18:20:57+03:00" level=trace msg="SQL Query:  INSERT INTO public.user  (id, username, password, level, daysinrow, doessendpushups, theme, language) VALUES         ($1, $2, $3, $4, $5, $6, $7, $8) RETURNING id " func="github.com/sirupsen/logrus.(*Entry).Trace()" file="entry.go:273"
time="2022-02-14T18:20:57+03:00" level=trace msg="SQL Query:  INSERT INTO public.user  (id, username, password, level, daysinrow, doessendpushups, theme, language) VALUES         ($1, $2, $3, $4, $5, $6, $7, $8) RETURNING id " func="github.com/sirupsen/logrus.(*Entry).Trace()" file="entry.go:273"
time="2022-02-14T18:20:57+03:00" level=trace msg="SQL Query:  INSERT INTO public.user  (id, username, password, level, daysinrow, doessendpushups, theme, language) VALUES         ($1, $2, $3, $4, $5, $6, $7, $8) RETURNING id " func="github.com/sirupsen/logrus.(*Entry).Trace()" file="entry.go:273"
time="2022-02-14T18:20:57+03:00" level=trace msg="SQL Query:  INSERT INTO public.user  (id, username, password, level, daysinrow, doessendpushups, theme, language) VALUES         ($1, $2, $3, $4, $5, $6, $7, $8) RETURNING id " func="github.com/sirupsen/logrus.(*Entry).Trace()" file="entry.go:273"
time="2022-02-14T18:20:57+03:00" level=info msg="register author handler" func="github.com/sirupsen/logrus.(*Entry).Info()" file="entry.go:285"
time="2022-02-14T18:20:57+03:00" level=info msg="start application" func="github.com/sirupsen/logrus.(*Entry).Info()" file="entry.go:285"
time="2022-02-14T18:20:57+03:00" level=info msg="listen tcp" func="github.com/sirupsen/logrus.(*Entry).Info()" file="entry.go:285"
time="2022-02-14T18:20:57+03:00" level=info msg="server is listening port 127.0.0.1:1234" func="github.com/sirupsen/logrus.(*Entry).Logf()" file="entry.go:314"
time="2022-02-14T18:21:51+03:00" level=info msg="create router" func="github.com/sirupsen/logrus.(*Entry).Info()" file="entry.go:285"
time="2022-02-14T18:21:51+03:00" level=info msg="read application configuration" func="github.com/sirupsen/logrus.(*Entry).Info()" file="entry.go:285"
time="2022-02-14T18:21:51+03:00" level=trace msg="SQL Query:  INSERT INTO public.user  (id, username, password, level, daysinrow, doessendpushups, theme, language) VALUES         ($1, $2, $3, $4, $5, $6, $7, $8) RETURNING id " func="github.com/sirupsen/logrus.(*Entry).Trace()" file="entry.go:273"
time="2022-02-14T18:21:51+03:00" level=trace msg="SQL Query:  INSERT INTO public.user  (id, username, password, level, daysinrow, doessendpushups, theme, language) VALUES         ($1, $2, $3, $4, $5, $6, $7, $8) RETURNING id " func="github.com/sirupsen/logrus.(*Entry).Trace()" file="entry.go:273"
time="2022-02-14T18:21:51+03:00" level=trace msg="SQL Query:  INSERT INTO public.user  (id, username, password, level, daysinrow, doessendpushups, theme, language) VALUES         ($1, $2, $3, $4, $5, $6, $7, $8) RETURNING id " func="github.com/sirupsen/logrus.(*Entry).Trace()" file="entry.go:273"
time="2022-02-14T18:21:51+03:00" level=trace msg="SQL Query:  INSERT INTO public.user  (id, username, password, level, daysinrow, doessendpushups, theme, language) VALUES         ($1, $2, $3, $4, $5, $6, $7, $8) RETURNING id " func="github.com/sirupsen/logrus.(*Entry).Trace()" file="entry.go:273"
time="2022-02-14T18:21:51+03:00" level=info msg="register author handler" func="github.com/sirupsen/logrus.(*Entry).Info()" file="entry.go:285"
time="2022-02-14T18:21:51+03:00" level=info msg="start application" func="github.com/sirupsen/logrus.(*Entry).Info()" file="entry.go:285"
time="2022-02-14T18:21:51+03:00" level=info msg="listen tcp" func="github.com/sirupsen/logrus.(*Entry).Info()" file="entry.go:285"
time="2022-02-14T18:21:51+03:00" level=info msg="server is listening port 127.0.0.1:1234" func="github.com/sirupsen/logrus.(*Entry).Logf()" file="entry.go:314"
time="2022-02-14T18:21:55+03:00" level=trace msg="SQL Query:  DELETE FROM public.user WHERE username = $1  " func="github.com/sirupsen/logrus.(*Entry).Trace()" file="entry.go:273"
time="2022-02-14T18:26:09+03:00" level=info msg="create router" func="github.com/sirupsen/logrus.(*Entry).Info()" file="entry.go:285"
time="2022-02-14T18:26:09+03:00" level=info msg="read application configuration" func="github.com/sirupsen/logrus.(*Entry).Info()" file="entry.go:285"
time="2022-02-14T18:26:09+03:00" level=trace msg="SQL Query:  INSERT INTO public.user  (id, username, password, level, daysinrow, doessendpushups, theme, language) VALUES         ($1, $2, $3, $4, $5, $6, $7, $8) RETURNING id " func="github.com/sirupsen/logrus.(*Entry).Trace()" file="entry.go:273"
time="2022-02-14T18:26:09+03:00" level=trace msg="SQL Query:  INSERT INTO public.user  (id, username, password, level, daysinrow, doessendpushups, theme, language) VALUES         ($1, $2, $3, $4, $5, $6, $7, $8) RETURNING id " func="github.com/sirupsen/logrus.(*Entry).Trace()" file="entry.go:273"
time="2022-02-14T18:26:09+03:00" level=trace msg="SQL Query:  INSERT INTO public.user  (id, username, password, level, daysinrow, doessendpushups, theme, language) VALUES         ($1, $2, $3, $4, $5, $6, $7, $8) RETURNING id " func="github.com/sirupsen/logrus.(*Entry).Trace()" file="entry.go:273"
time="2022-02-14T18:26:09+03:00" level=trace msg="SQL Query:  INSERT INTO public.user  (id, username, password, level, daysinrow, doessendpushups, theme, language) VALUES         ($1, $2, $3, $4, $5, $6, $7, $8) RETURNING id " func="github.com/sirupsen/logrus.(*Entry).Trace()" file="entry.go:273"
time="2022-02-14T18:26:09+03:00" level=info msg="register author handler" func="github.com/sirupsen/logrus.(*Entry).Info()" file="entry.go:285"
time="2022-02-14T18:26:09+03:00" level=info msg="start application" func="github.com/sirupsen/logrus.(*Entry).Info()" file="entry.go:285"
time="2022-02-14T18:26:09+03:00" level=info msg="listen tcp" func="github.com/sirupsen/logrus.(*Entry).Info()" file="entry.go:285"
time="2022-02-14T18:26:09+03:00" level=info msg="server is listening port 127.0.0.1:1234" func="github.com/sirupsen/logrus.(*Entry).Logf()" file="entry.go:314"
time="2022-02-14T18:26:13+03:00" level=trace msg="SQL Query:  DELETE FROM public.user WHERE username = $1  " func="github.com/sirupsen/logrus.(*Entry).Trace()" file="entry.go:273"
time="2022-02-14T19:22:09+03:00" level=info msg="create router" func="github.com/sirupsen/logrus.(*Entry).Info()" file="entry.go:285"
time="2022-02-14T19:22:09+03:00" level=info msg="read application configuration" func="github.com/sirupsen/logrus.(*Entry).Info()" file="entry.go:285"
time="2022-02-14T19:22:09+03:00" level=trace msg="SQL Query:  INSERT INTO public.user  (id, username, password, level, daysinrow, doessendpushups, theme, language) VALUES         ($1, $2, $3, $4, $5, $6, $7, $8) RETURNING id " func="github.com/sirupsen/logrus.(*Entry).Trace()" file="entry.go:273"
time="2022-02-14T19:22:09+03:00" level=trace msg="SQL Query:  INSERT INTO public.user  (id, username, password, level, daysinrow, doessendpushups, theme, language) VALUES         ($1, $2, $3, $4, $5, $6, $7, $8) RETURNING id " func="github.com/sirupsen/logrus.(*Entry).Trace()" file="entry.go:273"
time="2022-02-14T19:22:09+03:00" level=trace msg="SQL Query:  INSERT INTO public.user  (id, username, password, level, daysinrow, doessendpushups, theme, language) VALUES         ($1, $2, $3, $4, $5, $6, $7, $8) RETURNING id " func="github.com/sirupsen/logrus.(*Entry).Trace()" file="entry.go:273"
time="2022-02-14T19:22:09+03:00" level=trace msg="SQL Query:  INSERT INTO public.user  (id, username, password, level, daysinrow, doessendpushups, theme, language) VALUES         ($1, $2, $3, $4, $5, $6, $7, $8) RETURNING id " func="github.com/sirupsen/logrus.(*Entry).Trace()" file="entry.go:273"
time="2022-02-14T19:22:09+03:00" level=info msg="register author handler" func="github.com/sirupsen/logrus.(*Entry).Info()" file="entry.go:285"
time="2022-02-14T19:22:09+03:00" level=info msg="start application" func="github.com/sirupsen/logrus.(*Entry).Info()" file="entry.go:285"
time="2022-02-14T19:22:09+03:00" level=info msg="listen tcp" func="github.com/sirupsen/logrus.(*Entry).Info()" file="entry.go:285"
time="2022-02-14T19:22:09+03:00" level=info msg="server is listening port 127.0.0.1:1234" func="github.com/sirupsen/logrus.(*Entry).Logf()" file="entry.go:314"
time="2022-02-14T19:26:13+03:00" level=info msg="create router" func="github.com/sirupsen/logrus.(*Entry).Info()" file="entry.go:285"
time="2022-02-14T19:26:13+03:00" level=info msg="read application configuration" func="github.com/sirupsen/logrus.(*Entry).Info()" file="entry.go:285"
time="2022-02-14T19:26:13+03:00" level=trace msg="SQL Query:  INSERT INTO public.user  (id, username, password, level, daysinrow, doessendpushups, theme, language) VALUES         ($1, $2, $3, $4, $5, $6, $7, $8) RETURNING id " func="github.com/sirupsen/logrus.(*Entry).Trace()" file="entry.go:273"
time="2022-02-14T19:26:13+03:00" level=trace msg="SQL Query:  INSERT INTO public.user  (id, username, password, level, daysinrow, doessendpushups, theme, language) VALUES         ($1, $2, $3, $4, $5, $6, $7, $8) RETURNING id " func="github.com/sirupsen/logrus.(*Entry).Trace()" file="entry.go:273"
time="2022-02-14T19:26:13+03:00" level=trace msg="SQL Query:  INSERT INTO public.user  (id, username, password, level, daysinrow, doessendpushups, theme, language) VALUES         ($1, $2, $3, $4, $5, $6, $7, $8) RETURNING id " func="github.com/sirupsen/logrus.(*Entry).Trace()" file="entry.go:273"
time="2022-02-14T19:26:13+03:00" level=trace msg="SQL Query:  INSERT INTO public.user  (id, username, password, level, daysinrow, doessendpushups, theme, language) VALUES         ($1, $2, $3, $4, $5, $6, $7, $8) RETURNING id " func="github.com/sirupsen/logrus.(*Entry).Trace()" file="entry.go:273"
time="2022-02-14T19:26:13+03:00" level=info msg="register author handler" func="github.com/sirupsen/logrus.(*Entry).Info()" file="entry.go:285"
time="2022-02-14T19:26:13+03:00" level=info msg="start application" func="github.com/sirupsen/logrus.(*Entry).Info()" file="entry.go:285"
time="2022-02-14T19:26:13+03:00" level=info msg="listen tcp" func="github.com/sirupsen/logrus.(*Entry).Info()" file="entry.go:285"
time="2022-02-14T19:26:13+03:00" level=info msg="server is listening port 127.0.0.1:1234" func="github.com/sirupsen/logrus.(*Entry).Logf()" file="entry.go:314"
time="2022-02-14T19:26:26+03:00" level=trace msg="SQL Query:  UPDATE public.user SET password = $2, level = $3, daysinrow = $4, doessendpushups = $5, theme = $6, language = $7 WHERE username = $1 " func="github.com/sirupsen/logrus.(*Entry).Trace()" file="entry.go:273"
time="2022-02-14T19:27:35+03:00" level=info msg="create router" func="github.com/sirupsen/logrus.(*Entry).Info()" file="entry.go:285"
time="2022-02-14T19:27:35+03:00" level=info msg="read application configuration" func="github.com/sirupsen/logrus.(*Entry).Info()" file="entry.go:285"
time="2022-02-14T19:27:35+03:00" level=trace msg="SQL Query:  INSERT INTO public.user  (id, username, password, level, daysinrow, doessendpushups, theme, language) VALUES         ($1, $2, $3, $4, $5, $6, $7, $8) RETURNING id " func="github.com/sirupsen/logrus.(*Entry).Trace()" file="entry.go:273"
time="2022-02-14T19:27:35+03:00" level=trace msg="SQL Query:  INSERT INTO public.user  (id, username, password, level, daysinrow, doessendpushups, theme, language) VALUES         ($1, $2, $3, $4, $5, $6, $7, $8) RETURNING id " func="github.com/sirupsen/logrus.(*Entry).Trace()" file="entry.go:273"
time="2022-02-14T19:27:36+03:00" level=trace msg="SQL Query:  INSERT INTO public.user  (id, username, password, level, daysinrow, doessendpushups, theme, language) VALUES         ($1, $2, $3, $4, $5, $6, $7, $8) RETURNING id " func="github.com/sirupsen/logrus.(*Entry).Trace()" file="entry.go:273"
time="2022-02-14T19:27:36+03:00" level=trace msg="SQL Query:  INSERT INTO public.user  (id, username, password, level, daysinrow, doessendpushups, theme, language) VALUES         ($1, $2, $3, $4, $5, $6, $7, $8) RETURNING id " func="github.com/sirupsen/logrus.(*Entry).Trace()" file="entry.go:273"
time="2022-02-14T19:27:36+03:00" level=info msg="register author handler" func="github.com/sirupsen/logrus.(*Entry).Info()" file="entry.go:285"
time="2022-02-14T19:27:36+03:00" level=info msg="start application" func="github.com/sirupsen/logrus.(*Entry).Info()" file="entry.go:285"
time="2022-02-14T19:27:36+03:00" level=info msg="listen tcp" func="github.com/sirupsen/logrus.(*Entry).Info()" file="entry.go:285"
time="2022-02-14T19:27:36+03:00" level=info msg="server is listening port 127.0.0.1:1234" func="github.com/sirupsen/logrus.(*Entry).Logf()" file="entry.go:314"
time="2022-02-14T19:27:42+03:00" level=trace msg="SQL Query:  UPDATE public.user SET password = $2, level = $3, daysinrow = $4, doessendpushups = $5, theme = $6, language = $7 WHERE username = $1 " func="github.com/sirupsen/logrus.(*Entry).Trace()" file="entry.go:273"
time="2022-02-14T19:28:19+03:00" level=trace msg="SQL Query:  UPDATE public.user SET password = $2, level = $3, daysinrow = $4, doessendpushups = $5, theme = $6, language = $7 WHERE username = $1 " func="github.com/sirupsen/logrus.(*Entry).Trace()" file="entry.go:273"
time="2022-02-14T19:29:59+03:00" level=trace msg="SQL Query:  UPDATE public.user SET password = $2, level = $3, daysinrow = $4, doessendpushups = $5, theme = $6, language = $7 WHERE username = $1 " func="github.com/sirupsen/logrus.(*Entry).Trace()" file="entry.go:273"
time="2022-02-14T20:03:06+03:00" level=trace msg="SQL Query:  SELECT id, username FROM public.user; " func="github.com/sirupsen/logrus.(*Entry).Trace()" file="entry.go:273"
time="2022-02-14T20:03:13+03:00" level=trace msg="SQL Query:  SELECT id, username FROM public.user; " func="github.com/sirupsen/logrus.(*Entry).Trace()" file="entry.go:273"
time="2022-02-16T16:34:32+03:00" level=info msg="create router" func="github.com/sirupsen/logrus.(*Entry).Info()" file="entry.go:285"
time="2022-02-16T16:34:32+03:00" level=info msg="read application configuration" func="github.com/sirupsen/logrus.(*Entry).Info()" file="entry.go:285"
time="2022-02-16T16:34:32+03:00" level=trace msg="SQL Query:  INSERT INTO public.user  (id, username, email, password, level, daysinrow,daysinweek, doessendpushups, theme, language, image) VALUES         ($1, $2, $3, $4, $5, $6, $7, $8, $9, $10, $11) RETURNING id " func="github.com/sirupsen/logrus.(*Entry).Trace()" file="entry.go:273"
time="2022-02-16T16:34:32+03:00" level=trace msg="SQL Query:  INSERT INTO public.user  (id, username, email, password, level, daysinrow,daysinweek, doessendpushups, theme, language, image) VALUES         ($1, $2, $3, $4, $5, $6, $7, $8, $9, $10, $11) RETURNING id " func="github.com/sirupsen/logrus.(*Entry).Trace()" file="entry.go:273"
time="2022-02-16T16:34:32+03:00" level=trace msg="SQL Query:  INSERT INTO public.user  (id, username, email, password, level, daysinrow,daysinweek, doessendpushups, theme, language, image) VALUES         ($1, $2, $3, $4, $5, $6, $7, $8, $9, $10, $11) RETURNING id " func="github.com/sirupsen/logrus.(*Entry).Trace()" file="entry.go:273"
time="2022-02-16T16:34:32+03:00" level=trace msg="SQL Query:  INSERT INTO public.user  (id, username, email, password, level, daysinrow,daysinweek, doessendpushups, theme, language, image) VALUES         ($1, $2, $3, $4, $5, $6, $7, $8, $9, $10, $11) RETURNING id " func="github.com/sirupsen/logrus.(*Entry).Trace()" file="entry.go:273"
time="2022-02-16T16:34:32+03:00" level=info msg="register author handler" func="github.com/sirupsen/logrus.(*Entry).Info()" file="entry.go:285"
time="2022-02-16T16:34:32+03:00" level=info msg="start application" func="github.com/sirupsen/logrus.(*Entry).Info()" file="entry.go:285"
time="2022-02-16T16:34:32+03:00" level=info msg="listen tcp" func="github.com/sirupsen/logrus.(*Entry).Info()" file="entry.go:285"
time="2022-02-16T16:34:32+03:00" level=info msg="server is listening port 127.0.0.1:1234" func="github.com/sirupsen/logrus.(*Entry).Logf()" file="entry.go:314"
time="2022-02-16T16:38:43+03:00" level=trace msg="SQL Query:  UPDATE public.user SET password = $2, level = $3, daysinrow = $4, doessendpushups = $5, theme = $6, language = $7 WHERE username = $1 " func="github.com/sirupsen/logrus.(*Entry).Trace()" file="entry.go:273"
time="2022-02-16T16:38:56+03:00" level=trace msg="SQL Query:  UPDATE public.user SET password = $2, level = $3, daysinrow = $4, doessendpushups = $5, theme = $6, language = $7 WHERE username = $1 " func="github.com/sirupsen/logrus.(*Entry).Trace()" file="entry.go:273"
time="2022-02-16T16:39:46+03:00" level=trace msg="SQL Query:  UPDATE public.user SET password = $2, level = $3, daysinrow = $4, doessendpushups = $5, theme = $6, language = $7 WHERE username = $1 " func="github.com/sirupsen/logrus.(*Entry).Trace()" file="entry.go:273"
time="2022-02-16T16:40:10+03:00" level=trace msg="SQL Query:  UPDATE public.user SET password = $2, level = $3, daysinrow = $4, doessendpushups = $5, theme = $6, language = $7 WHERE username = $1 " func="github.com/sirupsen/logrus.(*Entry).Trace()" file="entry.go:273"
time="2022-02-16T16:46:12+03:00" level=info msg="create router" func="github.com/sirupsen/logrus.(*Entry).Info()" file="entry.go:285"
time="2022-02-16T16:46:13+03:00" level=info msg="read application configuration" func="github.com/sirupsen/logrus.(*Entry).Info()" file="entry.go:285"
time="2022-02-16T16:46:13+03:00" level=trace msg="SQL Query:  INSERT INTO public.user  (id, username, email, password, level, daysinrow,daysinweek, doessendpushups, theme, language, image) VALUES         ($1, $2, $3, $4, $5, $6, $7, $8, $9, $10, $11) RETURNING id " func="github.com/sirupsen/logrus.(*Entry).Trace()" file="entry.go:273"
time="2022-02-16T16:46:13+03:00" level=trace msg="SQL Query:  INSERT INTO public.user  (id, username, email, password, level, daysinrow,daysinweek, doessendpushups, theme, language, image) VALUES         ($1, $2, $3, $4, $5, $6, $7, $8, $9, $10, $11) RETURNING id " func="github.com/sirupsen/logrus.(*Entry).Trace()" file="entry.go:273"
time="2022-02-16T16:46:13+03:00" level=trace msg="SQL Query:  INSERT INTO public.user  (id, username, email, password, level, daysinrow,daysinweek, doessendpushups, theme, language, image) VALUES         ($1, $2, $3, $4, $5, $6, $7, $8, $9, $10, $11) RETURNING id " func="github.com/sirupsen/logrus.(*Entry).Trace()" file="entry.go:273"
time="2022-02-16T16:46:13+03:00" level=trace msg="SQL Query:  INSERT INTO public.user  (id, username, email, password, level, daysinrow,daysinweek, doessendpushups, theme, language, image) VALUES         ($1, $2, $3, $4, $5, $6, $7, $8, $9, $10, $11) RETURNING id " func="github.com/sirupsen/logrus.(*Entry).Trace()" file="entry.go:273"
time="2022-02-16T16:46:13+03:00" level=info msg="register author handler" func="github.com/sirupsen/logrus.(*Entry).Info()" file="entry.go:285"
time="2022-02-16T16:46:13+03:00" level=info msg="start application" func="github.com/sirupsen/logrus.(*Entry).Info()" file="entry.go:285"
time="2022-02-16T16:46:13+03:00" level=info msg="listen tcp" func="github.com/sirupsen/logrus.(*Entry).Info()" file="entry.go:285"
time="2022-02-16T16:46:13+03:00" level=info msg="server is listening port 127.0.0.1:1234" func="github.com/sirupsen/logrus.(*Entry).Logf()" file="entry.go:314"
time="2022-02-16T16:46:46+03:00" level=trace msg="SQL Query:  UPDATE public.user SET email = $2, password = $3, level = $4, daysinrow = $5, daysinweek = %6,  doessendpushups = $7, theme = $8, language = $9, image = $10 WHERE username = $1 " func="github.com/sirupsen/logrus.(*Entry).Trace()" file="entry.go:273"
time="2022-02-16T16:48:47+03:00" level=info msg="create router" func="github.com/sirupsen/logrus.(*Entry).Info()" file="entry.go:285"
time="2022-02-16T16:48:47+03:00" level=info msg="read application configuration" func="github.com/sirupsen/logrus.(*Entry).Info()" file="entry.go:285"
time="2022-02-16T16:48:48+03:00" level=trace msg="SQL Query:  INSERT INTO public.user  (id, username, email, password, level, daysinrow,daysinweek, doessendpushups, theme, language, image) VALUES         ($1, $2, $3, $4, $5, $6, $7, $8, $9, $10, $11) RETURNING id " func="github.com/sirupsen/logrus.(*Entry).Trace()" file="entry.go:273"
time="2022-02-16T16:48:48+03:00" level=trace msg="SQL Query:  INSERT INTO public.user  (id, username, email, password, level, daysinrow,daysinweek, doessendpushups, theme, language, image) VALUES         ($1, $2, $3, $4, $5, $6, $7, $8, $9, $10, $11) RETURNING id " func="github.com/sirupsen/logrus.(*Entry).Trace()" file="entry.go:273"
time="2022-02-16T16:48:48+03:00" level=trace msg="SQL Query:  INSERT INTO public.user  (id, username, email, password, level, daysinrow,daysinweek, doessendpushups, theme, language, image) VALUES         ($1, $2, $3, $4, $5, $6, $7, $8, $9, $10, $11) RETURNING id " func="github.com/sirupsen/logrus.(*Entry).Trace()" file="entry.go:273"
time="2022-02-16T16:48:48+03:00" level=trace msg="SQL Query:  INSERT INTO public.user  (id, username, email, password, level, daysinrow,daysinweek, doessendpushups, theme, language, image) VALUES         ($1, $2, $3, $4, $5, $6, $7, $8, $9, $10, $11) RETURNING id " func="github.com/sirupsen/logrus.(*Entry).Trace()" file="entry.go:273"
time="2022-02-16T16:48:48+03:00" level=info msg="register author handler" func="github.com/sirupsen/logrus.(*Entry).Info()" file="entry.go:285"
time="2022-02-16T16:48:48+03:00" level=info msg="start application" func="github.com/sirupsen/logrus.(*Entry).Info()" file="entry.go:285"
time="2022-02-16T16:48:48+03:00" level=info msg="listen tcp" func="github.com/sirupsen/logrus.(*Entry).Info()" file="entry.go:285"
time="2022-02-16T16:48:48+03:00" level=info msg="server is listening port 127.0.0.1:1234" func="github.com/sirupsen/logrus.(*Entry).Logf()" file="entry.go:314"
time="2022-02-16T16:48:55+03:00" level=trace msg="SQL Query:  UPDATE public.user SET email = $2, password = $3, level = $4, daysinrow = $5, daysinweek = %6,  doessendpushups = $7, theme = $8, language = $9, image = $10 WHERE username = $1 " func="github.com/sirupsen/logrus.(*Entry).Trace()" file="entry.go:273"
time="2022-02-16T16:50:38+03:00" level=info msg="create router" func="github.com/sirupsen/logrus.(*Entry).Info()" file="entry.go:285"
time="2022-02-16T16:50:38+03:00" level=info msg="read application configuration" func="github.com/sirupsen/logrus.(*Entry).Info()" file="entry.go:285"
time="2022-02-16T16:50:38+03:00" level=trace msg="SQL Query:  INSERT INTO public.user  (id, username, email, password, level, daysinrow,daysinweek, doessendpushups, theme, language, image) VALUES         ($1, $2, $3, $4, $5, $6, $7, $8, $9, $10, $11) RETURNING id " func="github.com/sirupsen/logrus.(*Entry).Trace()" file="entry.go:273"
time="2022-02-16T16:50:38+03:00" level=trace msg="SQL Query:  INSERT INTO public.user  (id, username, email, password, level, daysinrow,daysinweek, doessendpushups, theme, language, image) VALUES         ($1, $2, $3, $4, $5, $6, $7, $8, $9, $10, $11) RETURNING id " func="github.com/sirupsen/logrus.(*Entry).Trace()" file="entry.go:273"
time="2022-02-16T16:50:38+03:00" level=trace msg="SQL Query:  INSERT INTO public.user  (id, username, email, password, level, daysinrow,daysinweek, doessendpushups, theme, language, image) VALUES         ($1, $2, $3, $4, $5, $6, $7, $8, $9, $10, $11) RETURNING id " func="github.com/sirupsen/logrus.(*Entry).Trace()" file="entry.go:273"
time="2022-02-16T16:50:38+03:00" level=trace msg="SQL Query:  INSERT INTO public.user  (id, username, email, password, level, daysinrow,daysinweek, doessendpushups, theme, language, image) VALUES         ($1, $2, $3, $4, $5, $6, $7, $8, $9, $10, $11) RETURNING id " func="github.com/sirupsen/logrus.(*Entry).Trace()" file="entry.go:273"
time="2022-02-16T16:50:38+03:00" level=info msg="register author handler" func="github.com/sirupsen/logrus.(*Entry).Info()" file="entry.go:285"
time="2022-02-16T16:50:38+03:00" level=info msg="start application" func="github.com/sirupsen/logrus.(*Entry).Info()" file="entry.go:285"
time="2022-02-16T16:50:38+03:00" level=info msg="listen tcp" func="github.com/sirupsen/logrus.(*Entry).Info()" file="entry.go:285"
time="2022-02-16T16:50:38+03:00" level=info msg="server is listening port 127.0.0.1:1234" func="github.com/sirupsen/logrus.(*Entry).Logf()" file="entry.go:314"
time="2022-02-16T16:50:44+03:00" level=trace msg="SQL Query:  UPDATE public.user SET email = $2, password = $3, level = $4, daysinrow = $5, daysinweek = $6,  doessendpushups = $7, theme = $8, language = $9, image = $10 WHERE username = $1 " func="github.com/sirupsen/logrus.(*Entry).Trace()" file="entry.go:273"
time="2022-02-16T16:51:30+03:00" level=info msg="create router" func="github.com/sirupsen/logrus.(*Entry).Info()" file="entry.go:285"
time="2022-02-16T16:51:30+03:00" level=info msg="read application configuration" func="github.com/sirupsen/logrus.(*Entry).Info()" file="entry.go:285"
time="2022-02-16T16:51:30+03:00" level=trace msg="SQL Query:  INSERT INTO public.user  (id, username, email, password, level, daysinrow,daysinweek, doessendpushups, theme, language, image) VALUES         ($1, $2, $3, $4, $5, $6, $7, $8, $9, $10, $11) RETURNING id " func="github.com/sirupsen/logrus.(*Entry).Trace()" file="entry.go:273"
time="2022-02-16T16:51:30+03:00" level=trace msg="SQL Query:  INSERT INTO public.user  (id, username, email, password, level, daysinrow,daysinweek, doessendpushups, theme, language, image) VALUES         ($1, $2, $3, $4, $5, $6, $7, $8, $9, $10, $11) RETURNING id " func="github.com/sirupsen/logrus.(*Entry).Trace()" file="entry.go:273"
time="2022-02-16T16:51:30+03:00" level=trace msg="SQL Query:  INSERT INTO public.user  (id, username, email, password, level, daysinrow,daysinweek, doessendpushups, theme, language, image) VALUES         ($1, $2, $3, $4, $5, $6, $7, $8, $9, $10, $11) RETURNING id " func="github.com/sirupsen/logrus.(*Entry).Trace()" file="entry.go:273"
time="2022-02-16T16:51:30+03:00" level=trace msg="SQL Query:  INSERT INTO public.user  (id, username, email, password, level, daysinrow,daysinweek, doessendpushups, theme, language, image) VALUES         ($1, $2, $3, $4, $5, $6, $7, $8, $9, $10, $11) RETURNING id " func="github.com/sirupsen/logrus.(*Entry).Trace()" file="entry.go:273"
time="2022-02-16T16:51:30+03:00" level=info msg="register author handler" func="github.com/sirupsen/logrus.(*Entry).Info()" file="entry.go:285"
time="2022-02-16T16:51:30+03:00" level=info msg="start application" func="github.com/sirupsen/logrus.(*Entry).Info()" file="entry.go:285"
time="2022-02-16T16:51:30+03:00" level=info msg="listen tcp" func="github.com/sirupsen/logrus.(*Entry).Info()" file="entry.go:285"
time="2022-02-16T16:51:30+03:00" level=info msg="server is listening port 127.0.0.1:1234" func="github.com/sirupsen/logrus.(*Entry).Logf()" file="entry.go:314"
time="2022-02-16T16:52:25+03:00" level=trace msg="SQL Query:  UPDATE public.user SET email = $2, password = $3, level = $4, daysinrow = $5, daysinweek = $6,  doessendpushups = $7, theme = $8, language = $9, image = $10 WHERE username = $1 " func="github.com/sirupsen/logrus.(*Entry).Trace()" file="entry.go:273"
time="2022-02-16T16:56:10+03:00" level=info msg="create router" func="github.com/sirupsen/logrus.(*Entry).Info()" file="entry.go:285"
time="2022-02-16T16:56:10+03:00" level=info msg="read application configuration" func="github.com/sirupsen/logrus.(*Entry).Info()" file="entry.go:285"
time="2022-02-16T16:56:10+03:00" level=trace msg="SQL Query:  INSERT INTO public.user  (id, username, email, password, level, daysinrow,daysinweek, doessendpushups, theme, language, image) VALUES         ($1, $2, $3, $4, $5, $6, $7, $8, $9, $10, $11) RETURNING id " func="github.com/sirupsen/logrus.(*Entry).Trace()" file="entry.go:273"
time="2022-02-16T16:56:10+03:00" level=trace msg="SQL Query:  INSERT INTO public.user  (id, username, email, password, level, daysinrow,daysinweek, doessendpushups, theme, language, image) VALUES         ($1, $2, $3, $4, $5, $6, $7, $8, $9, $10, $11) RETURNING id " func="github.com/sirupsen/logrus.(*Entry).Trace()" file="entry.go:273"
time="2022-02-16T16:56:10+03:00" level=trace msg="SQL Query:  INSERT INTO public.user  (id, username, email, password, level, daysinrow,daysinweek, doessendpushups, theme, language, image) VALUES         ($1, $2, $3, $4, $5, $6, $7, $8, $9, $10, $11) RETURNING id " func="github.com/sirupsen/logrus.(*Entry).Trace()" file="entry.go:273"
time="2022-02-16T16:56:10+03:00" level=trace msg="SQL Query:  INSERT INTO public.user  (id, username, email, password, level, daysinrow,daysinweek, doessendpushups, theme, language, image) VALUES         ($1, $2, $3, $4, $5, $6, $7, $8, $9, $10, $11) RETURNING id " func="github.com/sirupsen/logrus.(*Entry).Trace()" file="entry.go:273"
time="2022-02-16T16:56:10+03:00" level=info msg="register author handler" func="github.com/sirupsen/logrus.(*Entry).Info()" file="entry.go:285"
time="2022-02-16T16:56:10+03:00" level=info msg="start application" func="github.com/sirupsen/logrus.(*Entry).Info()" file="entry.go:285"
time="2022-02-16T16:56:10+03:00" level=info msg="listen tcp" func="github.com/sirupsen/logrus.(*Entry).Info()" file="entry.go:285"
time="2022-02-16T16:56:10+03:00" level=info msg="server is listening port 127.0.0.1:1234" func="github.com/sirupsen/logrus.(*Entry).Logf()" file="entry.go:314"
time="2022-02-16T16:56:14+03:00" level=trace msg="SQL Query:  UPDATE public.user SET email = $2, password = $3, level = $4, daysinrow = $5, daysinweek = $6,  doessendpushups = $7, theme = $8, language = $9, image = $10 WHERE username = $1 " func="github.com/sirupsen/logrus.(*Entry).Trace()" file="entry.go:273"
time="2022-02-16T16:56:59+03:00" level=info msg="create router" func="github.com/sirupsen/logrus.(*Entry).Info()" file="entry.go:285"
time="2022-02-16T16:56:59+03:00" level=info msg="read application configuration" func="github.com/sirupsen/logrus.(*Entry).Info()" file="entry.go:285"
time="2022-02-16T16:56:59+03:00" level=trace msg="SQL Query:  INSERT INTO public.user  (id, username, email, password, level, daysinrow,daysinweek, doessendpushups, theme, language, image) VALUES         ($1, $2, $3, $4, $5, $6, $7, $8, $9, $10, $11) RETURNING id " func="github.com/sirupsen/logrus.(*Entry).Trace()" file="entry.go:273"
time="2022-02-16T16:56:59+03:00" level=trace msg="SQL Query:  INSERT INTO public.user  (id, username, email, password, level, daysinrow,daysinweek, doessendpushups, theme, language, image) VALUES         ($1, $2, $3, $4, $5, $6, $7, $8, $9, $10, $11) RETURNING id " func="github.com/sirupsen/logrus.(*Entry).Trace()" file="entry.go:273"
time="2022-02-16T16:56:59+03:00" level=trace msg="SQL Query:  INSERT INTO public.user  (id, username, email, password, level, daysinrow,daysinweek, doessendpushups, theme, language, image) VALUES         ($1, $2, $3, $4, $5, $6, $7, $8, $9, $10, $11) RETURNING id " func="github.com/sirupsen/logrus.(*Entry).Trace()" file="entry.go:273"
time="2022-02-16T16:56:59+03:00" level=trace msg="SQL Query:  INSERT INTO public.user  (id, username, email, password, level, daysinrow,daysinweek, doessendpushups, theme, language, image) VALUES         ($1, $2, $3, $4, $5, $6, $7, $8, $9, $10, $11) RETURNING id " func="github.com/sirupsen/logrus.(*Entry).Trace()" file="entry.go:273"
time="2022-02-16T16:56:59+03:00" level=info msg="register author handler" func="github.com/sirupsen/logrus.(*Entry).Info()" file="entry.go:285"
time="2022-02-16T16:56:59+03:00" level=info msg="start application" func="github.com/sirupsen/logrus.(*Entry).Info()" file="entry.go:285"
time="2022-02-16T16:56:59+03:00" level=info msg="listen tcp" func="github.com/sirupsen/logrus.(*Entry).Info()" file="entry.go:285"
time="2022-02-16T16:56:59+03:00" level=info msg="server is listening port 127.0.0.1:1234" func="github.com/sirupsen/logrus.(*Entry).Logf()" file="entry.go:314"
time="2022-02-16T16:57:02+03:00" level=trace msg="SQL Query:  UPDATE public.user SET email = $2, password = $3, level = $4, daysinrow = $5, daysinweek = $6,  doessendpushups = $7, theme = $8, language = $9, image = $10 WHERE username = $1 " func="github.com/sirupsen/logrus.(*Entry).Trace()" file="entry.go:273"
time="2022-02-16T16:58:31+03:00" level=info msg="create router" func="github.com/sirupsen/logrus.(*Entry).Info()" file="entry.go:285"
time="2022-02-16T16:58:31+03:00" level=info msg="read application configuration" func="github.com/sirupsen/logrus.(*Entry).Info()" file="entry.go:285"
time="2022-02-16T16:58:31+03:00" level=trace msg="SQL Query:  INSERT INTO public.user  (id, username, email, password, level, daysinrow,daysinweek, doessendpushups, theme, language, image) VALUES         ($1, $2, $3, $4, $5, $6, $7, $8, $9, $10, $11) RETURNING id " func="github.com/sirupsen/logrus.(*Entry).Trace()" file="entry.go:273"
time="2022-02-16T16:58:31+03:00" level=trace msg="SQL Query:  INSERT INTO public.user  (id, username, email, password, level, daysinrow,daysinweek, doessendpushups, theme, language, image) VALUES         ($1, $2, $3, $4, $5, $6, $7, $8, $9, $10, $11) RETURNING id " func="github.com/sirupsen/logrus.(*Entry).Trace()" file="entry.go:273"
time="2022-02-16T16:58:31+03:00" level=trace msg="SQL Query:  INSERT INTO public.user  (id, username, email, password, level, daysinrow,daysinweek, doessendpushups, theme, language, image) VALUES         ($1, $2, $3, $4, $5, $6, $7, $8, $9, $10, $11) RETURNING id " func="github.com/sirupsen/logrus.(*Entry).Trace()" file="entry.go:273"
time="2022-02-16T16:58:31+03:00" level=trace msg="SQL Query:  INSERT INTO public.user  (id, username, email, password, level, daysinrow,daysinweek, doessendpushups, theme, language, image) VALUES         ($1, $2, $3, $4, $5, $6, $7, $8, $9, $10, $11) RETURNING id " func="github.com/sirupsen/logrus.(*Entry).Trace()" file="entry.go:273"
time="2022-02-16T16:58:31+03:00" level=info msg="register author handler" func="github.com/sirupsen/logrus.(*Entry).Info()" file="entry.go:285"
time="2022-02-16T16:58:31+03:00" level=info msg="start application" func="github.com/sirupsen/logrus.(*Entry).Info()" file="entry.go:285"
time="2022-02-16T16:58:31+03:00" level=info msg="listen tcp" func="github.com/sirupsen/logrus.(*Entry).Info()" file="entry.go:285"
time="2022-02-16T16:58:31+03:00" level=info msg="server is listening port 127.0.0.1:1234" func="github.com/sirupsen/logrus.(*Entry).Logf()" file="entry.go:314"
time="2022-02-16T16:58:35+03:00" level=trace msg="SQL Query:  UPDATE public.user SET email = $2, password = $3, level = $4, daysinrow = $5, daysinweek = $6,  doessendpushups = $7, theme = $8, language = $9, image = $10 WHERE username = $1 " func="github.com/sirupsen/logrus.(*Entry).Trace()" file="entry.go:273"
time="2022-02-16T16:59:14+03:00" level=info msg="create router" func="github.com/sirupsen/logrus.(*Entry).Info()" file="entry.go:285"
time="2022-02-16T16:59:15+03:00" level=info msg="read application configuration" func="github.com/sirupsen/logrus.(*Entry).Info()" file="entry.go:285"
time="2022-02-16T16:59:15+03:00" level=trace msg="SQL Query:  INSERT INTO public.user  (id, username, email, password, level, daysinrow,daysinweek, doessendpushups, theme, language, image) VALUES         ($1, $2, $3, $4, $5, $6, $7, $8, $9, $10, $11) RETURNING id " func="github.com/sirupsen/logrus.(*Entry).Trace()" file="entry.go:273"
time="2022-02-16T16:59:15+03:00" level=trace msg="SQL Query:  INSERT INTO public.user  (id, username, email, password, level, daysinrow,daysinweek, doessendpushups, theme, language, image) VALUES         ($1, $2, $3, $4, $5, $6, $7, $8, $9, $10, $11) RETURNING id " func="github.com/sirupsen/logrus.(*Entry).Trace()" file="entry.go:273"
time="2022-02-16T16:59:15+03:00" level=trace msg="SQL Query:  INSERT INTO public.user  (id, username, email, password, level, daysinrow,daysinweek, doessendpushups, theme, language, image) VALUES         ($1, $2, $3, $4, $5, $6, $7, $8, $9, $10, $11) RETURNING id " func="github.com/sirupsen/logrus.(*Entry).Trace()" file="entry.go:273"
time="2022-02-16T16:59:15+03:00" level=trace msg="SQL Query:  INSERT INTO public.user  (id, username, email, password, level, daysinrow,daysinweek, doessendpushups, theme, language, image) VALUES         ($1, $2, $3, $4, $5, $6, $7, $8, $9, $10, $11) RETURNING id " func="github.com/sirupsen/logrus.(*Entry).Trace()" file="entry.go:273"
time="2022-02-16T16:59:15+03:00" level=info msg="register author handler" func="github.com/sirupsen/logrus.(*Entry).Info()" file="entry.go:285"
time="2022-02-16T16:59:15+03:00" level=info msg="start application" func="github.com/sirupsen/logrus.(*Entry).Info()" file="entry.go:285"
time="2022-02-16T16:59:15+03:00" level=info msg="listen tcp" func="github.com/sirupsen/logrus.(*Entry).Info()" file="entry.go:285"
time="2022-02-16T16:59:15+03:00" level=info msg="server is listening port 127.0.0.1:1234" func="github.com/sirupsen/logrus.(*Entry).Logf()" file="entry.go:314"
time="2022-02-16T16:59:18+03:00" level=trace msg="SQL Query:  UPDATE public.user SET email = $2, password = $3, level = $4, daysinrow = $5, daysinweek = $6,  doessendpushups = $7, theme = $8, language = $9, image = $10 WHERE username = $1 " func="github.com/sirupsen/logrus.(*Entry).Trace()" file="entry.go:273"
time="2022-02-16T16:59:20+03:00" level=trace msg="SQL Query:  UPDATE public.user SET email = $2, password = $3, level = $4, daysinrow = $5, daysinweek = $6,  doessendpushups = $7, theme = $8, language = $9, image = $10 WHERE username = $1 " func="github.com/sirupsen/logrus.(*Entry).Trace()" file="entry.go:273"
time="2022-02-16T17:01:09+03:00" level=info msg="create router" func="github.com/sirupsen/logrus.(*Entry).Info()" file="entry.go:285"
time="2022-02-16T17:01:09+03:00" level=info msg="read application configuration" func="github.com/sirupsen/logrus.(*Entry).Info()" file="entry.go:285"
time="2022-02-16T17:01:09+03:00" level=trace msg="SQL Query:  INSERT INTO public.user  (id, username, email, password, level, daysinrow,daysinweek, doessendpushups, theme, language, image) VALUES         ($1, $2, $3, $4, $5, $6, $7, $8, $9, $10, $11) RETURNING id " func="github.com/sirupsen/logrus.(*Entry).Trace()" file="entry.go:273"
time="2022-02-16T17:01:09+03:00" level=trace msg="SQL Query:  INSERT INTO public.user  (id, username, email, password, level, daysinrow,daysinweek, doessendpushups, theme, language, image) VALUES         ($1, $2, $3, $4, $5, $6, $7, $8, $9, $10, $11) RETURNING id " func="github.com/sirupsen/logrus.(*Entry).Trace()" file="entry.go:273"
time="2022-02-16T17:01:09+03:00" level=trace msg="SQL Query:  INSERT INTO public.user  (id, username, email, password, level, daysinrow,daysinweek, doessendpushups, theme, language, image) VALUES         ($1, $2, $3, $4, $5, $6, $7, $8, $9, $10, $11) RETURNING id " func="github.com/sirupsen/logrus.(*Entry).Trace()" file="entry.go:273"
time="2022-02-16T17:01:09+03:00" level=trace msg="SQL Query:  INSERT INTO public.user  (id, username, email, password, level, daysinrow,daysinweek, doessendpushups, theme, language, image) VALUES         ($1, $2, $3, $4, $5, $6, $7, $8, $9, $10, $11) RETURNING id " func="github.com/sirupsen/logrus.(*Entry).Trace()" file="entry.go:273"
time="2022-02-16T17:01:09+03:00" level=info msg="register author handler" func="github.com/sirupsen/logrus.(*Entry).Info()" file="entry.go:285"
time="2022-02-16T17:01:09+03:00" level=info msg="start application" func="github.com/sirupsen/logrus.(*Entry).Info()" file="entry.go:285"
time="2022-02-16T17:01:09+03:00" level=info msg="listen tcp" func="github.com/sirupsen/logrus.(*Entry).Info()" file="entry.go:285"
time="2022-02-16T17:01:09+03:00" level=info msg="server is listening port 127.0.0.1:1234" func="github.com/sirupsen/logrus.(*Entry).Logf()" file="entry.go:314"
time="2022-02-16T17:01:15+03:00" level=trace msg="SQL Query:  UPDATE public.user SET email = $2, password = $3, level = $4, daysinrow = $5, daysinweek = $6,  doessendpushups = $7, theme = $8, language = $9, image = $10 WHERE username = $1 " func="github.com/sirupsen/logrus.(*Entry).Trace()" file="entry.go:273"
time="2022-02-16T17:01:17+03:00" level=trace msg="SQL Query:  UPDATE public.user SET email = $2, password = $3, level = $4, daysinrow = $5, daysinweek = $6,  doessendpushups = $7, theme = $8, language = $9, image = $10 WHERE username = $1 " func="github.com/sirupsen/logrus.(*Entry).Trace()" file="entry.go:273"
time="2022-02-16T17:02:15+03:00" level=trace msg="SQL Query:  UPDATE public.user SET email = $2, password = $3, level = $4, daysinrow = $5, daysinweek = $6,  doessendpushups = $7, theme = $8, language = $9, image = $10 WHERE username = $1 " func="github.com/sirupsen/logrus.(*Entry).Trace()" file="entry.go:273"
time="2022-02-16T17:03:42+03:00" level=trace msg="SQL Query:  UPDATE public.user SET email = $2, password = $3, level = $4, daysinrow = $5, daysinweek = $6,  doessendpushups = $7, theme = $8, language = $9, image = $10 WHERE username = $1 " func="github.com/sirupsen/logrus.(*Entry).Trace()" file="entry.go:273"
time="2022-02-16T17:04:04+03:00" level=info msg="create router" func="github.com/sirupsen/logrus.(*Entry).Info()" file="entry.go:285"
time="2022-02-16T17:04:04+03:00" level=info msg="read application configuration" func="github.com/sirupsen/logrus.(*Entry).Info()" file="entry.go:285"
time="2022-02-16T17:04:04+03:00" level=trace msg="SQL Query:  INSERT INTO public.user  (id, username, email, password, level, daysinrow,daysinweek, doessendpushups, theme, language, image) VALUES         ($1, $2, $3, $4, $5, $6, $7, $8, $9, $10, $11) RETURNING id " func="github.com/sirupsen/logrus.(*Entry).Trace()" file="entry.go:273"
time="2022-02-16T17:04:04+03:00" level=trace msg="SQL Query:  INSERT INTO public.user  (id, username, email, password, level, daysinrow,daysinweek, doessendpushups, theme, language, image) VALUES         ($1, $2, $3, $4, $5, $6, $7, $8, $9, $10, $11) RETURNING id " func="github.com/sirupsen/logrus.(*Entry).Trace()" file="entry.go:273"
time="2022-02-16T17:04:04+03:00" level=trace msg="SQL Query:  INSERT INTO public.user  (id, username, email, password, level, daysinrow,daysinweek, doessendpushups, theme, language, image) VALUES         ($1, $2, $3, $4, $5, $6, $7, $8, $9, $10, $11) RETURNING id " func="github.com/sirupsen/logrus.(*Entry).Trace()" file="entry.go:273"
time="2022-02-16T17:04:04+03:00" level=trace msg="SQL Query:  INSERT INTO public.user  (id, username, email, password, level, daysinrow,daysinweek, doessendpushups, theme, language, image) VALUES         ($1, $2, $3, $4, $5, $6, $7, $8, $9, $10, $11) RETURNING id " func="github.com/sirupsen/logrus.(*Entry).Trace()" file="entry.go:273"
time="2022-02-16T17:04:04+03:00" level=info msg="register author handler" func="github.com/sirupsen/logrus.(*Entry).Info()" file="entry.go:285"
time="2022-02-16T17:04:04+03:00" level=info msg="start application" func="github.com/sirupsen/logrus.(*Entry).Info()" file="entry.go:285"
time="2022-02-16T17:04:04+03:00" level=info msg="listen tcp" func="github.com/sirupsen/logrus.(*Entry).Info()" file="entry.go:285"
time="2022-02-16T17:04:04+03:00" level=info msg="server is listening port 127.0.0.1:1234" func="github.com/sirupsen/logrus.(*Entry).Logf()" file="entry.go:314"
time="2022-02-16T17:04:11+03:00" level=trace msg="SQL Query:  UPDATE public.user SET email = $2, password = $3, level = $4, daysinrow = $5, daysinweek = $6,  doessendpushups = $7, theme = $8, language = $9, image = $10 WHERE username = $1 " func="github.com/sirupsen/logrus.(*Entry).Trace()" file="entry.go:273"
time="2022-02-16T17:04:44+03:00" level=trace msg="SQL Query:  UPDATE public.user SET email = $2, password = $3, level = $4, daysinrow = $5, daysinweek = $6,  doessendpushups = $7, theme = $8, language = $9, image = $10 WHERE username = $1 " func="github.com/sirupsen/logrus.(*Entry).Trace()" file="entry.go:273"
time="2022-02-16T17:05:24+03:00" level=trace msg="SQL Query:  UPDATE public.user SET email = $2, password = $3, level = $4, daysinrow = $5, daysinweek = $6,  doessendpushups = $7, theme = $8, language = $9, image = $10 WHERE username = $1 " func="github.com/sirupsen/logrus.(*Entry).Trace()" file="entry.go:273"
time="2022-02-16T17:06:13+03:00" level=info msg="create router" func="github.com/sirupsen/logrus.(*Entry).Info()" file="entry.go:285"
time="2022-02-16T17:06:13+03:00" level=info msg="read application configuration" func="github.com/sirupsen/logrus.(*Entry).Info()" file="entry.go:285"
time="2022-02-16T17:06:13+03:00" level=trace msg="SQL Query:  INSERT INTO public.user  (id, username, email, password, level, daysinrow,daysinweek, doessendpushups, theme, language, image) VALUES         ($1, $2, $3, $4, $5, $6, $7, $8, $9, $10, $11) RETURNING id " func="github.com/sirupsen/logrus.(*Entry).Trace()" file="entry.go:273"
time="2022-02-16T17:06:13+03:00" level=trace msg="SQL Query:  INSERT INTO public.user  (id, username, email, password, level, daysinrow,daysinweek, doessendpushups, theme, language, image) VALUES         ($1, $2, $3, $4, $5, $6, $7, $8, $9, $10, $11) RETURNING id " func="github.com/sirupsen/logrus.(*Entry).Trace()" file="entry.go:273"
time="2022-02-16T17:06:13+03:00" level=trace msg="SQL Query:  INSERT INTO public.user  (id, username, email, password, level, daysinrow,daysinweek, doessendpushups, theme, language, image) VALUES         ($1, $2, $3, $4, $5, $6, $7, $8, $9, $10, $11) RETURNING id " func="github.com/sirupsen/logrus.(*Entry).Trace()" file="entry.go:273"
time="2022-02-16T17:06:13+03:00" level=trace msg="SQL Query:  INSERT INTO public.user  (id, username, email, password, level, daysinrow,daysinweek, doessendpushups, theme, language, image) VALUES         ($1, $2, $3, $4, $5, $6, $7, $8, $9, $10, $11) RETURNING id " func="github.com/sirupsen/logrus.(*Entry).Trace()" file="entry.go:273"
time="2022-02-16T17:06:13+03:00" level=info msg="register author handler" func="github.com/sirupsen/logrus.(*Entry).Info()" file="entry.go:285"
time="2022-02-16T17:06:13+03:00" level=info msg="start application" func="github.com/sirupsen/logrus.(*Entry).Info()" file="entry.go:285"
time="2022-02-16T17:06:13+03:00" level=info msg="listen tcp" func="github.com/sirupsen/logrus.(*Entry).Info()" file="entry.go:285"
time="2022-02-16T17:06:13+03:00" level=info msg="server is listening port 127.0.0.1:1234" func="github.com/sirupsen/logrus.(*Entry).Logf()" file="entry.go:314"
time="2022-02-16T17:06:19+03:00" level=trace msg="SQL Query:  UPDATE public.user SET email = $2, password = $3, level = $4, daysinrow = $5, daysinweek = $6,  doessendpushups = $7, theme = $8, language = $9, image = $10 WHERE username = $1 " func="github.com/sirupsen/logrus.(*Entry).Trace()" file="entry.go:273"
time="2022-02-16T17:11:55+03:00" level=info msg="create router" func="github.com/sirupsen/logrus.(*Entry).Info()" file="entry.go:285"
time="2022-02-16T17:11:55+03:00" level=info msg="read application configuration" func="github.com/sirupsen/logrus.(*Entry).Info()" file="entry.go:285"
time="2022-02-16T17:11:55+03:00" level=trace msg="SQL Query:  INSERT INTO public.user  (id, username, email, password, level, daysinrow,daysinweek, doessendpushups, theme, language, image) VALUES         ($1, $2, $3, $4, $5, $6, $7, $8, $9, $10, $11) RETURNING id " func="github.com/sirupsen/logrus.(*Entry).Trace()" file="entry.go:273"
time="2022-02-16T17:11:55+03:00" level=error msg="SQL Error: invalid input syntax for type json, Detail: The input string ended unexpectedly., Where: JSON data, line 1: , Code: 22P02, SQLState: 22P02" func="github.com/sirupsen/logrus.(*Entry).Error()" file="entry.go:297"
time="2022-02-16T17:11:55+03:00" level=fatal msg="SQL Error: invalid input syntax for type json, Detail: The input string ended unexpectedly., Where: JSON data, line 1: , Code: 22P02, SQLState: 22P02" func="github.com/sirupsen/logrus.(*Entry).Fatal()" file="entry.go:301"
time="2022-02-16T17:16:28+03:00" level=info msg="create router" func="github.com/sirupsen/logrus.(*Entry).Info()" file="entry.go:285"
time="2022-02-16T17:16:28+03:00" level=info msg="read application configuration" func="github.com/sirupsen/logrus.(*Entry).Info()" file="entry.go:285"
time="2022-02-16T17:16:28+03:00" level=trace msg="SQL Query:  INSERT INTO public.user  (id, username, email, password, level, daysinrow,daysinweek, doessendpushups, theme, language, image) VALUES         ($1, $2, $3, $4, $5, $6, $7, $8, $9, $10, $11) RETURNING id " func="github.com/sirupsen/logrus.(*Entry).Trace()" file="entry.go:273"
time="2022-02-16T17:16:28+03:00" level=trace msg="SQL Query:  INSERT INTO public.user  (id, username, email, password, level, daysinrow,daysinweek, doessendpushups, theme, language, image) VALUES         ($1, $2, $3, $4, $5, $6, $7, $8, $9, $10, $11) RETURNING id " func="github.com/sirupsen/logrus.(*Entry).Trace()" file="entry.go:273"
time="2022-02-16T17:16:28+03:00" level=trace msg="SQL Query:  INSERT INTO public.user  (id, username, email, password, level, daysinrow,daysinweek, doessendpushups, theme, language, image) VALUES         ($1, $2, $3, $4, $5, $6, $7, $8, $9, $10, $11) RETURNING id " func="github.com/sirupsen/logrus.(*Entry).Trace()" file="entry.go:273"
time="2022-02-16T17:16:28+03:00" level=trace msg="SQL Query:  INSERT INTO public.user  (id, username, email, password, level, daysinrow,daysinweek, doessendpushups, theme, language, image) VALUES         ($1, $2, $3, $4, $5, $6, $7, $8, $9, $10, $11) RETURNING id " func="github.com/sirupsen/logrus.(*Entry).Trace()" file="entry.go:273"
time="2022-02-16T17:16:28+03:00" level=info msg="register author handler" func="github.com/sirupsen/logrus.(*Entry).Info()" file="entry.go:285"
time="2022-02-16T17:16:28+03:00" level=info msg="start application" func="github.com/sirupsen/logrus.(*Entry).Info()" file="entry.go:285"
time="2022-02-16T17:16:28+03:00" level=info msg="listen tcp" func="github.com/sirupsen/logrus.(*Entry).Info()" file="entry.go:285"
time="2022-02-16T17:16:28+03:00" level=info msg="server is listening port 127.0.0.1:1234" func="github.com/sirupsen/logrus.(*Entry).Logf()" file="entry.go:314"
time="2022-02-16T17:17:36+03:00" level=info msg="create router" func="github.com/sirupsen/logrus.(*Entry).Info()" file="entry.go:285"
time="2022-02-16T17:17:37+03:00" level=info msg="read application configuration" func="github.com/sirupsen/logrus.(*Entry).Info()" file="entry.go:285"
time="2022-02-16T17:17:37+03:00" level=trace msg="SQL Query:  INSERT INTO public.user  (id, username, email, password, level, daysinrow,daysinweek, doessendpushups, theme, language, image) VALUES         ($1, $2, $3, $4, $5, $6, $7, $8, $9, $10, $11) RETURNING id " func="github.com/sirupsen/logrus.(*Entry).Trace()" file="entry.go:273"
time="2022-02-16T17:17:37+03:00" level=trace msg="SQL Query:  INSERT INTO public.user  (id, username, email, password, level, daysinrow,daysinweek, doessendpushups, theme, language, image) VALUES         ($1, $2, $3, $4, $5, $6, $7, $8, $9, $10, $11) RETURNING id " func="github.com/sirupsen/logrus.(*Entry).Trace()" file="entry.go:273"
time="2022-02-16T17:17:37+03:00" level=trace msg="SQL Query:  INSERT INTO public.user  (id, username, email, password, level, daysinrow,daysinweek, doessendpushups, theme, language, image) VALUES         ($1, $2, $3, $4, $5, $6, $7, $8, $9, $10, $11) RETURNING id " func="github.com/sirupsen/logrus.(*Entry).Trace()" file="entry.go:273"
time="2022-02-16T17:17:37+03:00" level=trace msg="SQL Query:  INSERT INTO public.user  (id, username, email, password, level, daysinrow,daysinweek, doessendpushups, theme, language, image) VALUES         ($1, $2, $3, $4, $5, $6, $7, $8, $9, $10, $11) RETURNING id " func="github.com/sirupsen/logrus.(*Entry).Trace()" file="entry.go:273"
time="2022-02-16T17:17:37+03:00" level=info msg="register author handler" func="github.com/sirupsen/logrus.(*Entry).Info()" file="entry.go:285"
time="2022-02-16T17:17:37+03:00" level=info msg="start application" func="github.com/sirupsen/logrus.(*Entry).Info()" file="entry.go:285"
time="2022-02-16T17:17:37+03:00" level=info msg="listen tcp" func="github.com/sirupsen/logrus.(*Entry).Info()" file="entry.go:285"
time="2022-02-16T17:17:37+03:00" level=info msg="server is listening port 127.0.0.1:1234" func="github.com/sirupsen/logrus.(*Entry).Logf()" file="entry.go:314"
time="2022-02-16T17:17:56+03:00" level=trace msg="SQL Query:  UPDATE public.user SET email = $2, password = $3, level = $4, daysinrow = $5, daysinweek = $6,  doessendpushups = $7, theme = $8, language = $9, image = $10 WHERE username = $1 " func="github.com/sirupsen/logrus.(*Entry).Trace()" file="entry.go:273"
time="2022-02-16T17:25:46+03:00" level=info msg="create router" func="github.com/sirupsen/logrus.(*Entry).Info()" file="entry.go:285"
time="2022-02-16T17:25:46+03:00" level=info msg="read application configuration" func="github.com/sirupsen/logrus.(*Entry).Info()" file="entry.go:285"
time="2022-02-16T17:25:46+03:00" level=trace msg="SQL Query:  INSERT INTO public.user  (id, username, email, password, level, daysinrow,daysinweek, doessendpushups, theme, language, image) VALUES         ($1, $2, $3, $4, $5, $6, $7, $8, $9, $10, $11) RETURNING id " func="github.com/sirupsen/logrus.(*Entry).Trace()" file="entry.go:273"
time="2022-02-16T17:25:46+03:00" level=trace msg="SQL Query:  INSERT INTO public.user  (id, username, email, password, level, daysinrow,daysinweek, doessendpushups, theme, language, image) VALUES         ($1, $2, $3, $4, $5, $6, $7, $8, $9, $10, $11) RETURNING id " func="github.com/sirupsen/logrus.(*Entry).Trace()" file="entry.go:273"
time="2022-02-16T17:25:46+03:00" level=trace msg="SQL Query:  INSERT INTO public.user  (id, username, email, password, level, daysinrow,daysinweek, doessendpushups, theme, language, image) VALUES         ($1, $2, $3, $4, $5, $6, $7, $8, $9, $10, $11) RETURNING id " func="github.com/sirupsen/logrus.(*Entry).Trace()" file="entry.go:273"
time="2022-02-16T17:25:46+03:00" level=trace msg="SQL Query:  INSERT INTO public.user  (id, username, email, password, level, daysinrow,daysinweek, doessendpushups, theme, language, image) VALUES         ($1, $2, $3, $4, $5, $6, $7, $8, $9, $10, $11) RETURNING id " func="github.com/sirupsen/logrus.(*Entry).Trace()" file="entry.go:273"
time="2022-02-16T17:25:46+03:00" level=info msg="register author handler" func="github.com/sirupsen/logrus.(*Entry).Info()" file="entry.go:285"
time="2022-02-16T17:25:46+03:00" level=info msg="start application" func="github.com/sirupsen/logrus.(*Entry).Info()" file="entry.go:285"
time="2022-02-16T17:25:46+03:00" level=info msg="listen tcp" func="github.com/sirupsen/logrus.(*Entry).Info()" file="entry.go:285"
time="2022-02-16T17:25:46+03:00" level=info msg="server is listening port 127.0.0.1:1234" func="github.com/sirupsen/logrus.(*Entry).Logf()" file="entry.go:314"
time="2022-02-16T17:25:51+03:00" level=trace msg="SQL Query:  UPDATE public.user SET email = $2, password = $3, level = $4, daysinrow = $5, daysinweek = $6,  doessendpushups = $7, theme = $8, language = $9, image = $10 WHERE username = $1 " func="github.com/sirupsen/logrus.(*Entry).Trace()" file="entry.go:273"
time="2022-02-16T17:25:52+03:00" level=trace msg="SQL Query:  UPDATE public.user SET email = $2, password = $3, level = $4, daysinrow = $5, daysinweek = $6,  doessendpushups = $7, theme = $8, language = $9, image = $10 WHERE username = $1 " func="github.com/sirupsen/logrus.(*Entry).Trace()" file="entry.go:273"
time="2022-02-16T17:40:37+03:00" level=trace msg="SQL Query:  UPDATE public.user SET email = $2, password = $3, level = $4, daysinrow = $5, daysinweek = $6,  doessendpushups = $7, theme = $8, language = $9, image = $10 WHERE username = $1 " func="github.com/sirupsen/logrus.(*Entry).Trace()" file="entry.go:273"
time="2022-02-16T17:42:35+03:00" level=info msg="create router" func="github.com/sirupsen/logrus.(*Entry).Info()" file="entry.go:285"
time="2022-02-16T17:42:35+03:00" level=info msg="read application configuration" func="github.com/sirupsen/logrus.(*Entry).Info()" file="entry.go:285"
time="2022-02-16T17:42:35+03:00" level=info msg="register user handler" func="github.com/sirupsen/logrus.(*Entry).Info()" file="entry.go:285"
time="2022-02-16T17:42:35+03:00" level=info msg="start application" func="github.com/sirupsen/logrus.(*Entry).Info()" file="entry.go:285"
time="2022-02-16T17:42:35+03:00" level=info msg="listen tcp" func="github.com/sirupsen/logrus.(*Entry).Info()" file="entry.go:285"
time="2022-02-16T17:42:35+03:00" level=info msg="server is listening port 127.0.0.1:1234" func="github.com/sirupsen/logrus.(*Entry).Logf()" file="entry.go:314"
time="2022-02-16T17:42:54+03:00" level=trace msg="SQL Query:  UPDATE public.user SET email = $2, password = $3, level = $4, daysinrow = $5, daysinweek = $6,  doessendpushups = $7, theme = $8, language = $9, image = $10 WHERE username = $1 " func="github.com/sirupsen/logrus.(*Entry).Trace()" file="entry.go:273"
